{"/home/vietnoirien/git-perso/Gantt_lib/packages/ganttcraft/src/index.ts": {"path":"/home/vietnoirien/git-perso/Gantt_lib/packages/ganttcraft/src/index.ts","all":true,"statementMap":{"0":{"start":{"line":1,"column":0},"end":{"line":1,"column":24}},"1":{"start":{"line":2,"column":0},"end":{"line":2,"column":53}},"2":{"start":{"line":3,"column":0},"end":{"line":3,"column":61}},"3":{"start":{"line":4,"column":0},"end":{"line":4,"column":63}},"4":{"start":{"line":5,"column":0},"end":{"line":5,"column":69}},"5":{"start":{"line":6,"column":0},"end":{"line":6,"column":50}},"6":{"start":{"line":7,"column":0},"end":{"line":7,"column":73}},"7":{"start":{"line":8,"column":0},"end":{"line":8,"column":64}},"8":{"start":{"line":9,"column":0},"end":{"line":9,"column":69}},"9":{"start":{"line":10,"column":0},"end":{"line":10,"column":57}}},"s":{"0":0,"1":0,"2":0,"3":0,"4":0,"5":0,"6":0,"7":0,"8":0,"9":0},"branchMap":{"0":{"type":"branch","line":1,"loc":{"start":{"line":1,"column":592},"end":{"line":10,"column":57}},"locations":[{"start":{"line":1,"column":592},"end":{"line":10,"column":57}}]}},"b":{"0":[0]},"fnMap":{"0":{"name":"(empty-report)","decl":{"start":{"line":1,"column":592},"end":{"line":10,"column":57}},"loc":{"start":{"line":1,"column":592},"end":{"line":10,"column":57}},"line":1}},"f":{"0":0}}
,"/home/vietnoirien/git-perso/Gantt_lib/packages/ganttcraft/src/components/GanttBody.tsx": {"path":"/home/vietnoirien/git-perso/Gantt_lib/packages/ganttcraft/src/components/GanttBody.tsx","all":false,"statementMap":{"0":{"start":{"line":1,"column":0},"end":{"line":1,"column":51}},"1":{"start":{"line":2,"column":0},"end":{"line":2,"column":56}},"2":{"start":{"line":3,"column":0},"end":{"line":3,"column":55}},"3":{"start":{"line":4,"column":0},"end":{"line":4,"column":40}},"4":{"start":{"line":5,"column":0},"end":{"line":5,"column":50}},"5":{"start":{"line":6,"column":0},"end":{"line":6,"column":62}},"6":{"start":{"line":7,"column":0},"end":{"line":7,"column":0}},"7":{"start":{"line":8,"column":0},"end":{"line":8,"column":42}},"8":{"start":{"line":9,"column":0},"end":{"line":9,"column":47}},"9":{"start":{"line":10,"column":0},"end":{"line":10,"column":52}},"10":{"start":{"line":11,"column":0},"end":{"line":11,"column":0}},"11":{"start":{"line":12,"column":0},"end":{"line":12,"column":42}},"12":{"start":{"line":13,"column":0},"end":{"line":13,"column":36}},"13":{"start":{"line":14,"column":0},"end":{"line":14,"column":20}},"14":{"start":{"line":15,"column":0},"end":{"line":15,"column":81}},"15":{"start":{"line":16,"column":0},"end":{"line":16,"column":23}},"16":{"start":{"line":17,"column":0},"end":{"line":17,"column":0}},"17":{"start":{"line":18,"column":0},"end":{"line":18,"column":10}},"18":{"start":{"line":19,"column":0},"end":{"line":19,"column":8}},"19":{"start":{"line":20,"column":0},"end":{"line":20,"column":24}},"20":{"start":{"line":21,"column":0},"end":{"line":21,"column":29}},"21":{"start":{"line":22,"column":0},"end":{"line":22,"column":14}},"22":{"start":{"line":23,"column":0},"end":{"line":23,"column":24}},"23":{"start":{"line":24,"column":0},"end":{"line":24,"column":22}},"24":{"start":{"line":25,"column":0},"end":{"line":25,"column":23}},"25":{"start":{"line":26,"column":0},"end":{"line":26,"column":20}},"26":{"start":{"line":27,"column":0},"end":{"line":27,"column":21}},"27":{"start":{"line":28,"column":0},"end":{"line":28,"column":25}},"28":{"start":{"line":29,"column":0},"end":{"line":29,"column":29}},"29":{"start":{"line":30,"column":0},"end":{"line":30,"column":56}},"30":{"start":{"line":31,"column":0},"end":{"line":31,"column":8}},"31":{"start":{"line":32,"column":0},"end":{"line":32,"column":5}},"32":{"start":{"line":33,"column":0},"end":{"line":33,"column":57}},"33":{"start":{"line":34,"column":0},"end":{"line":34,"column":104}},"34":{"start":{"line":35,"column":0},"end":{"line":35,"column":23}},"35":{"start":{"line":36,"column":0},"end":{"line":36,"column":12}},"36":{"start":{"line":37,"column":0},"end":{"line":37,"column":0}},"37":{"start":{"line":38,"column":0},"end":{"line":38,"column":34}},"38":{"start":{"line":39,"column":0},"end":{"line":39,"column":10}},"39":{"start":{"line":40,"column":0},"end":{"line":40,"column":16}},"40":{"start":{"line":41,"column":0},"end":{"line":41,"column":22}},"41":{"start":{"line":42,"column":0},"end":{"line":42,"column":26}},"42":{"start":{"line":43,"column":0},"end":{"line":43,"column":34}},"43":{"start":{"line":44,"column":0},"end":{"line":44,"column":30}},"44":{"start":{"line":45,"column":0},"end":{"line":45,"column":10}},"45":{"start":{"line":46,"column":0},"end":{"line":46,"column":7}},"46":{"start":{"line":47,"column":0},"end":{"line":47,"column":40}},"47":{"start":{"line":48,"column":0},"end":{"line":48,"column":21}},"48":{"start":{"line":49,"column":0},"end":{"line":49,"column":0}},"49":{"start":{"line":50,"column":0},"end":{"line":50,"column":33}},"50":{"start":{"line":51,"column":0},"end":{"line":51,"column":23}},"51":{"start":{"line":52,"column":0},"end":{"line":52,"column":0}},"52":{"start":{"line":53,"column":0},"end":{"line":53,"column":41}},"53":{"start":{"line":54,"column":0},"end":{"line":54,"column":25}},"54":{"start":{"line":55,"column":0},"end":{"line":55,"column":12}},"55":{"start":{"line":56,"column":0},"end":{"line":56,"column":10}},"56":{"start":{"line":57,"column":0},"end":{"line":57,"column":4}},"57":{"start":{"line":58,"column":0},"end":{"line":58,"column":2}}},"s":{"0":1,"1":1,"2":1,"3":1,"4":1,"5":1,"6":1,"7":1,"8":14,"9":14,"10":14,"11":14,"12":0,"13":0,"14":0,"15":14,"16":14,"17":14,"18":14,"19":14,"20":14,"21":14,"22":14,"23":14,"24":14,"25":14,"26":14,"27":14,"28":14,"29":14,"30":14,"31":14,"32":14,"33":14,"34":14,"35":14,"36":14,"37":14,"38":14,"39":14,"40":14,"41":14,"42":14,"43":14,"44":14,"45":14,"46":14,"47":14,"48":14,"49":14,"50":14,"51":14,"52":14,"53":14,"54":14,"55":14,"56":14,"57":14},"branchMap":{"0":{"type":"branch","line":8,"loc":{"start":{"line":8,"column":35},"end":{"line":58,"column":2}},"locations":[{"start":{"line":8,"column":35},"end":{"line":58,"column":2}}]}},"b":{"0":[14]},"fnMap":{"0":{"name":"GanttBody","decl":{"start":{"line":8,"column":35},"end":{"line":58,"column":2}},"loc":{"start":{"line":8,"column":35},"end":{"line":58,"column":2}},"line":8}},"f":{"0":14}}
,"/home/vietnoirien/git-perso/Gantt_lib/packages/ganttcraft/src/components/GanttChart.tsx": {"path":"/home/vietnoirien/git-perso/Gantt_lib/packages/ganttcraft/src/components/GanttChart.tsx","all":false,"statementMap":{"0":{"start":{"line":1,"column":0},"end":{"line":1,"column":26}},"1":{"start":{"line":2,"column":0},"end":{"line":2,"column":48}},"2":{"start":{"line":3,"column":0},"end":{"line":3,"column":99}},"3":{"start":{"line":4,"column":0},"end":{"line":4,"column":40}},"4":{"start":{"line":5,"column":0},"end":{"line":5,"column":47}},"5":{"start":{"line":6,"column":0},"end":{"line":6,"column":45}},"6":{"start":{"line":7,"column":0},"end":{"line":7,"column":53}},"7":{"start":{"line":8,"column":0},"end":{"line":8,"column":0}},"8":{"start":{"line":9,"column":0},"end":{"line":9,"column":34}},"9":{"start":{"line":10,"column":0},"end":{"line":10,"column":80}},"10":{"start":{"line":11,"column":0},"end":{"line":11,"column":21}},"11":{"start":{"line":12,"column":0},"end":{"line":12,"column":100}},"12":{"start":{"line":13,"column":0},"end":{"line":13,"column":26}},"13":{"start":{"line":14,"column":0},"end":{"line":14,"column":130}},"14":{"start":{"line":15,"column":0},"end":{"line":15,"column":30}},"15":{"start":{"line":16,"column":0},"end":{"line":16,"column":73}},"16":{"start":{"line":17,"column":0},"end":{"line":17,"column":31}},"17":{"start":{"line":18,"column":0},"end":{"line":18,"column":127}},"18":{"start":{"line":19,"column":0},"end":{"line":19,"column":47}},"19":{"start":{"line":20,"column":0},"end":{"line":20,"column":134}},"20":{"start":{"line":21,"column":0},"end":{"line":21,"column":25}},"21":{"start":{"line":22,"column":0},"end":{"line":22,"column":87}},"22":{"start":{"line":23,"column":0},"end":{"line":23,"column":22}},"23":{"start":{"line":24,"column":0},"end":{"line":24,"column":62}},"24":{"start":{"line":25,"column":0},"end":{"line":25,"column":21}},"25":{"start":{"line":26,"column":0},"end":{"line":26,"column":79}},"26":{"start":{"line":27,"column":0},"end":{"line":27,"column":53}},"27":{"start":{"line":28,"column":0},"end":{"line":28,"column":74}},"28":{"start":{"line":29,"column":0},"end":{"line":29,"column":21}},"29":{"start":{"line":30,"column":0},"end":{"line":30,"column":216}},"30":{"start":{"line":31,"column":0},"end":{"line":31,"column":29}},"31":{"start":{"line":32,"column":0},"end":{"line":32,"column":179}},"32":{"start":{"line":33,"column":0},"end":{"line":33,"column":30}},"33":{"start":{"line":34,"column":0},"end":{"line":34,"column":52}},"34":{"start":{"line":35,"column":0},"end":{"line":35,"column":26}},"35":{"start":{"line":36,"column":0},"end":{"line":36,"column":60}},"36":{"start":{"line":37,"column":0},"end":{"line":37,"column":30}},"37":{"start":{"line":38,"column":0},"end":{"line":38,"column":94}},"38":{"start":{"line":39,"column":0},"end":{"line":39,"column":29}},"39":{"start":{"line":40,"column":0},"end":{"line":40,"column":1}},"40":{"start":{"line":41,"column":0},"end":{"line":41,"column":0}},"41":{"start":{"line":42,"column":0},"end":{"line":42,"column":39}},"42":{"start":{"line":43,"column":0},"end":{"line":43,"column":63}},"43":{"start":{"line":44,"column":0},"end":{"line":44,"column":2}},"44":{"start":{"line":45,"column":0},"end":{"line":45,"column":0}},"45":{"start":{"line":46,"column":0},"end":{"line":46,"column":55}},"46":{"start":{"line":47,"column":0},"end":{"line":47,"column":8}},"47":{"start":{"line":48,"column":0},"end":{"line":48,"column":27}},"48":{"start":{"line":49,"column":0},"end":{"line":49,"column":12}},"49":{"start":{"line":50,"column":0},"end":{"line":50,"column":21}},"50":{"start":{"line":51,"column":0},"end":{"line":51,"column":16}},"51":{"start":{"line":52,"column":0},"end":{"line":52,"column":15}},"52":{"start":{"line":53,"column":0},"end":{"line":53,"column":11}},"53":{"start":{"line":54,"column":0},"end":{"line":54,"column":8}},"54":{"start":{"line":55,"column":0},"end":{"line":55,"column":13}},"55":{"start":{"line":56,"column":0},"end":{"line":56,"column":11}},"56":{"start":{"line":57,"column":0},"end":{"line":57,"column":19}},"57":{"start":{"line":58,"column":0},"end":{"line":58,"column":20}},"58":{"start":{"line":59,"column":0},"end":{"line":59,"column":10}},"59":{"start":{"line":60,"column":0},"end":{"line":60,"column":7}},"60":{"start":{"line":61,"column":0},"end":{"line":61,"column":11}},"61":{"start":{"line":62,"column":0},"end":{"line":62,"column":7}},"62":{"start":{"line":63,"column":0},"end":{"line":63,"column":10}},"63":{"start":{"line":64,"column":0},"end":{"line":64,"column":18}},"64":{"start":{"line":65,"column":0},"end":{"line":65,"column":19}},"65":{"start":{"line":66,"column":0},"end":{"line":66,"column":23}},"66":{"start":{"line":67,"column":0},"end":{"line":67,"column":27}},"67":{"start":{"line":68,"column":0},"end":{"line":68,"column":45}},"68":{"start":{"line":69,"column":0},"end":{"line":69,"column":35}},"69":{"start":{"line":70,"column":0},"end":{"line":70,"column":33}},"70":{"start":{"line":71,"column":0},"end":{"line":71,"column":25}},"71":{"start":{"line":72,"column":0},"end":{"line":72,"column":19}},"72":{"start":{"line":73,"column":0},"end":{"line":73,"column":29}},"73":{"start":{"line":74,"column":0},"end":{"line":74,"column":25}},"74":{"start":{"line":75,"column":0},"end":{"line":75,"column":41}},"75":{"start":{"line":76,"column":0},"end":{"line":76,"column":43}},"76":{"start":{"line":77,"column":0},"end":{"line":77,"column":23}},"77":{"start":{"line":78,"column":0},"end":{"line":78,"column":17}},"78":{"start":{"line":79,"column":0},"end":{"line":79,"column":25}},"79":{"start":{"line":80,"column":0},"end":{"line":80,"column":5}},"80":{"start":{"line":81,"column":0},"end":{"line":81,"column":161}},"81":{"start":{"line":82,"column":0},"end":{"line":82,"column":21}},"82":{"start":{"line":83,"column":0},"end":{"line":83,"column":12}},"83":{"start":{"line":84,"column":0},"end":{"line":84,"column":20}},"84":{"start":{"line":85,"column":0},"end":{"line":85,"column":4}},"85":{"start":{"line":86,"column":0},"end":{"line":86,"column":2}}},"s":{"0":1,"1":1,"2":1,"3":1,"4":1,"5":1,"6":1,"7":1,"8":1,"9":1,"10":1,"11":1,"12":1,"13":1,"14":1,"15":1,"16":1,"17":1,"18":1,"19":1,"20":1,"21":1,"22":1,"23":1,"24":1,"25":1,"26":1,"27":1,"28":1,"29":1,"30":1,"31":1,"32":1,"33":1,"34":1,"35":1,"36":1,"37":1,"38":1,"39":1,"40":1,"41":1,"42":1,"43":1,"44":1,"45":1,"46":7,"47":7,"48":7,"49":7,"50":7,"51":7,"52":7,"53":7,"54":7,"55":7,"56":7,"57":7,"58":7,"59":7,"60":7,"61":7,"62":7,"63":7,"64":7,"65":7,"66":7,"67":7,"68":7,"69":7,"70":7,"71":7,"72":7,"73":7,"74":7,"75":7,"76":7,"77":7,"78":7,"79":7,"80":7,"81":7,"82":7,"83":7,"84":7,"85":7},"branchMap":{"0":{"type":"branch","line":43,"loc":{"start":{"line":43,"column":42},"end":{"line":43,"column":62}},"locations":[{"start":{"line":43,"column":42},"end":{"line":43,"column":62}}]},"1":{"type":"branch","line":46,"loc":{"start":{"line":46,"column":53},"end":{"line":86,"column":2}},"locations":[{"start":{"line":46,"column":53},"end":{"line":86,"column":2}}]}},"b":{"0":[8],"1":[7]},"fnMap":{"0":{"name":"accessor","decl":{"start":{"line":43,"column":42},"end":{"line":43,"column":62}},"loc":{"start":{"line":43,"column":42},"end":{"line":43,"column":62}},"line":43},"1":{"name":"GanttChart","decl":{"start":{"line":46,"column":53},"end":{"line":86,"column":2}},"loc":{"start":{"line":46,"column":53},"end":{"line":86,"column":2}},"line":46}},"f":{"0":8,"1":7}}
,"/home/vietnoirien/git-perso/Gantt_lib/packages/ganttcraft/src/components/GanttProvider.tsx": {"path":"/home/vietnoirien/git-perso/Gantt_lib/packages/ganttcraft/src/components/GanttProvider.tsx","all":false,"statementMap":{"0":{"start":{"line":1,"column":0},"end":{"line":1,"column":108}},"1":{"start":{"line":2,"column":0},"end":{"line":2,"column":114}},"2":{"start":{"line":3,"column":0},"end":{"line":3,"column":54}},"3":{"start":{"line":4,"column":0},"end":{"line":4,"column":69}},"4":{"start":{"line":5,"column":0},"end":{"line":5,"column":61}},"5":{"start":{"line":6,"column":0},"end":{"line":6,"column":40}},"6":{"start":{"line":7,"column":0},"end":{"line":7,"column":51}},"7":{"start":{"line":8,"column":0},"end":{"line":8,"column":65}},"8":{"start":{"line":9,"column":0},"end":{"line":9,"column":60}},"9":{"start":{"line":10,"column":0},"end":{"line":10,"column":47}},"10":{"start":{"line":11,"column":0},"end":{"line":11,"column":66}},"11":{"start":{"line":12,"column":0},"end":{"line":12,"column":58}},"12":{"start":{"line":13,"column":0},"end":{"line":13,"column":69}},"13":{"start":{"line":14,"column":0},"end":{"line":14,"column":0}},"14":{"start":{"line":15,"column":0},"end":{"line":15,"column":29}},"15":{"start":{"line":16,"column":0},"end":{"line":16,"column":21}},"16":{"start":{"line":17,"column":0},"end":{"line":17,"column":25}},"17":{"start":{"line":18,"column":0},"end":{"line":18,"column":30}},"18":{"start":{"line":19,"column":0},"end":{"line":19,"column":18}},"19":{"start":{"line":20,"column":0},"end":{"line":20,"column":16}},"20":{"start":{"line":21,"column":0},"end":{"line":21,"column":47}},"21":{"start":{"line":22,"column":0},"end":{"line":22,"column":21}},"22":{"start":{"line":23,"column":0},"end":{"line":23,"column":22}},"23":{"start":{"line":24,"column":0},"end":{"line":24,"column":53}},"24":{"start":{"line":25,"column":0},"end":{"line":25,"column":31}},"25":{"start":{"line":26,"column":0},"end":{"line":26,"column":21}},"26":{"start":{"line":27,"column":0},"end":{"line":27,"column":20}},"27":{"start":{"line":28,"column":0},"end":{"line":28,"column":24}},"28":{"start":{"line":29,"column":0},"end":{"line":29,"column":25}},"29":{"start":{"line":30,"column":0},"end":{"line":30,"column":85}},"30":{"start":{"line":31,"column":0},"end":{"line":31,"column":28}},"31":{"start":{"line":32,"column":0},"end":{"line":32,"column":29}},"32":{"start":{"line":33,"column":0},"end":{"line":33,"column":33}},"33":{"start":{"line":34,"column":0},"end":{"line":34,"column":19}},"34":{"start":{"line":35,"column":0},"end":{"line":35,"column":19}},"35":{"start":{"line":36,"column":0},"end":{"line":36,"column":26}},"36":{"start":{"line":37,"column":0},"end":{"line":37,"column":25}},"37":{"start":{"line":38,"column":0},"end":{"line":38,"column":20}},"38":{"start":{"line":39,"column":0},"end":{"line":39,"column":83}},"39":{"start":{"line":40,"column":0},"end":{"line":40,"column":28}},"40":{"start":{"line":41,"column":0},"end":{"line":41,"column":62}},"41":{"start":{"line":42,"column":0},"end":{"line":42,"column":39}},"42":{"start":{"line":43,"column":0},"end":{"line":43,"column":1}},"43":{"start":{"line":44,"column":0},"end":{"line":44,"column":0}},"44":{"start":{"line":45,"column":0},"end":{"line":45,"column":77}},"45":{"start":{"line":46,"column":0},"end":{"line":46,"column":0}},"46":{"start":{"line":47,"column":0},"end":{"line":47,"column":38}},"47":{"start":{"line":48,"column":0},"end":{"line":48,"column":43}},"48":{"start":{"line":49,"column":0},"end":{"line":49,"column":17}},"49":{"start":{"line":50,"column":0},"end":{"line":50,"column":75}},"50":{"start":{"line":51,"column":0},"end":{"line":51,"column":3}},"51":{"start":{"line":52,"column":0},"end":{"line":52,"column":17}},"52":{"start":{"line":53,"column":0},"end":{"line":53,"column":2}},"53":{"start":{"line":54,"column":0},"end":{"line":54,"column":0}},"54":{"start":{"line":55,"column":0},"end":{"line":55,"column":37}},"55":{"start":{"line":56,"column":0},"end":{"line":56,"column":21}},"56":{"start":{"line":57,"column":0},"end":{"line":57,"column":25}},"57":{"start":{"line":58,"column":0},"end":{"line":58,"column":30}},"58":{"start":{"line":59,"column":0},"end":{"line":59,"column":31}},"59":{"start":{"line":60,"column":0},"end":{"line":60,"column":47}},"60":{"start":{"line":61,"column":0},"end":{"line":61,"column":25}},"61":{"start":{"line":62,"column":0},"end":{"line":62,"column":22}},"62":{"start":{"line":63,"column":0},"end":{"line":63,"column":21}},"63":{"start":{"line":64,"column":0},"end":{"line":64,"column":53}},"64":{"start":{"line":65,"column":0},"end":{"line":65,"column":29}},"65":{"start":{"line":66,"column":0},"end":{"line":66,"column":30}},"66":{"start":{"line":67,"column":0},"end":{"line":67,"column":26}},"67":{"start":{"line":68,"column":0},"end":{"line":68,"column":30}},"68":{"start":{"line":69,"column":0},"end":{"line":69,"column":99}},"69":{"start":{"line":70,"column":0},"end":{"line":70,"column":29}},"70":{"start":{"line":71,"column":0},"end":{"line":71,"column":21}},"71":{"start":{"line":72,"column":0},"end":{"line":72,"column":28}},"72":{"start":{"line":73,"column":0},"end":{"line":73,"column":1}},"73":{"start":{"line":74,"column":0},"end":{"line":74,"column":0}},"74":{"start":{"line":75,"column":0},"end":{"line":75,"column":61}},"75":{"start":{"line":76,"column":0},"end":{"line":76,"column":23}},"76":{"start":{"line":77,"column":0},"end":{"line":77,"column":10}},"77":{"start":{"line":78,"column":0},"end":{"line":78,"column":12}},"78":{"start":{"line":79,"column":0},"end":{"line":79,"column":21}},"79":{"start":{"line":80,"column":0},"end":{"line":80,"column":16}},"80":{"start":{"line":81,"column":0},"end":{"line":81,"column":22}},"81":{"start":{"line":82,"column":0},"end":{"line":82,"column":19}},"82":{"start":{"line":83,"column":0},"end":{"line":83,"column":8}},"83":{"start":{"line":84,"column":0},"end":{"line":84,"column":13}},"84":{"start":{"line":85,"column":0},"end":{"line":85,"column":27}},"85":{"start":{"line":86,"column":0},"end":{"line":86,"column":28}},"86":{"start":{"line":87,"column":0},"end":{"line":87,"column":15}},"87":{"start":{"line":88,"column":0},"end":{"line":88,"column":7}},"88":{"start":{"line":89,"column":0},"end":{"line":89,"column":28}},"89":{"start":{"line":90,"column":0},"end":{"line":90,"column":11}},"90":{"start":{"line":91,"column":0},"end":{"line":91,"column":11}},"91":{"start":{"line":92,"column":0},"end":{"line":92,"column":7}},"92":{"start":{"line":93,"column":0},"end":{"line":93,"column":81}},"93":{"start":{"line":94,"column":0},"end":{"line":94,"column":62}},"94":{"start":{"line":95,"column":0},"end":{"line":95,"column":48}},"95":{"start":{"line":96,"column":0},"end":{"line":96,"column":50}},"96":{"start":{"line":97,"column":0},"end":{"line":97,"column":60}},"97":{"start":{"line":98,"column":0},"end":{"line":98,"column":58}},"98":{"start":{"line":99,"column":0},"end":{"line":99,"column":47}},"99":{"start":{"line":100,"column":0},"end":{"line":100,"column":0}},"100":{"start":{"line":101,"column":0},"end":{"line":101,"column":65}},"101":{"start":{"line":102,"column":0},"end":{"line":102,"column":2}},"102":{"start":{"line":103,"column":0},"end":{"line":103,"column":74}},"103":{"start":{"line":104,"column":0},"end":{"line":104,"column":0}},"104":{"start":{"line":105,"column":0},"end":{"line":105,"column":46}},"105":{"start":{"line":106,"column":0},"end":{"line":106,"column":19}},"106":{"start":{"line":107,"column":0},"end":{"line":107,"column":47}},"107":{"start":{"line":108,"column":0},"end":{"line":108,"column":49}},"108":{"start":{"line":109,"column":0},"end":{"line":109,"column":40}},"109":{"start":{"line":110,"column":0},"end":{"line":110,"column":5}},"110":{"start":{"line":111,"column":0},"end":{"line":111,"column":66}},"111":{"start":{"line":112,"column":0},"end":{"line":112,"column":63}},"112":{"start":{"line":113,"column":0},"end":{"line":113,"column":101}},"113":{"start":{"line":114,"column":0},"end":{"line":114,"column":29}},"114":{"start":{"line":115,"column":0},"end":{"line":115,"column":42}},"115":{"start":{"line":116,"column":0},"end":{"line":116,"column":7}},"116":{"start":{"line":117,"column":0},"end":{"line":117,"column":5}},"117":{"start":{"line":118,"column":0},"end":{"line":118,"column":31}},"118":{"start":{"line":119,"column":0},"end":{"line":119,"column":44}},"119":{"start":{"line":120,"column":0},"end":{"line":120,"column":81}},"120":{"start":{"line":121,"column":0},"end":{"line":121,"column":0}},"121":{"start":{"line":122,"column":0},"end":{"line":122,"column":61}},"122":{"start":{"line":123,"column":0},"end":{"line":123,"column":19}},"123":{"start":{"line":124,"column":0},"end":{"line":124,"column":48}},"124":{"start":{"line":125,"column":0},"end":{"line":125,"column":42}},"125":{"start":{"line":126,"column":0},"end":{"line":126,"column":5}},"126":{"start":{"line":127,"column":0},"end":{"line":127,"column":24}},"127":{"start":{"line":128,"column":0},"end":{"line":128,"column":0}},"128":{"start":{"line":129,"column":0},"end":{"line":129,"column":48}},"129":{"start":{"line":130,"column":0},"end":{"line":130,"column":37}},"130":{"start":{"line":131,"column":0},"end":{"line":131,"column":60}},"131":{"start":{"line":132,"column":0},"end":{"line":132,"column":5}},"132":{"start":{"line":133,"column":0},"end":{"line":133,"column":63}},"133":{"start":{"line":134,"column":0},"end":{"line":134,"column":59}},"134":{"start":{"line":135,"column":0},"end":{"line":135,"column":12}},"135":{"start":{"line":136,"column":0},"end":{"line":136,"column":47}},"136":{"start":{"line":137,"column":0},"end":{"line":137,"column":43}},"137":{"start":{"line":138,"column":0},"end":{"line":138,"column":6}},"138":{"start":{"line":139,"column":0},"end":{"line":139,"column":22}},"139":{"start":{"line":140,"column":0},"end":{"line":140,"column":0}},"140":{"start":{"line":141,"column":0},"end":{"line":141,"column":81}},"141":{"start":{"line":142,"column":0},"end":{"line":142,"column":0}},"142":{"start":{"line":143,"column":0},"end":{"line":143,"column":32}},"143":{"start":{"line":144,"column":0},"end":{"line":144,"column":92}},"144":{"start":{"line":145,"column":0},"end":{"line":145,"column":53}},"145":{"start":{"line":146,"column":0},"end":{"line":146,"column":4}},"146":{"start":{"line":147,"column":0},"end":{"line":147,"column":0}},"147":{"start":{"line":148,"column":0},"end":{"line":148,"column":33}},"148":{"start":{"line":149,"column":0},"end":{"line":149,"column":33}},"149":{"start":{"line":150,"column":0},"end":{"line":150,"column":42}},"150":{"start":{"line":151,"column":0},"end":{"line":151,"column":37}},"151":{"start":{"line":152,"column":0},"end":{"line":152,"column":38}},"152":{"start":{"line":153,"column":0},"end":{"line":153,"column":62}},"153":{"start":{"line":154,"column":0},"end":{"line":154,"column":64}},"154":{"start":{"line":155,"column":0},"end":{"line":155,"column":9}},"155":{"start":{"line":156,"column":0},"end":{"line":156,"column":7}},"156":{"start":{"line":157,"column":0},"end":{"line":157,"column":0}},"157":{"start":{"line":158,"column":0},"end":{"line":158,"column":32}},"158":{"start":{"line":159,"column":0},"end":{"line":159,"column":42}},"159":{"start":{"line":160,"column":0},"end":{"line":160,"column":6}},"160":{"start":{"line":161,"column":0},"end":{"line":161,"column":51}},"161":{"start":{"line":162,"column":0},"end":{"line":162,"column":91}},"162":{"start":{"line":163,"column":0},"end":{"line":163,"column":0}},"163":{"start":{"line":164,"column":0},"end":{"line":164,"column":27}},"164":{"start":{"line":165,"column":0},"end":{"line":165,"column":69}},"165":{"start":{"line":166,"column":0},"end":{"line":166,"column":9}},"166":{"start":{"line":167,"column":0},"end":{"line":167,"column":42}},"167":{"start":{"line":168,"column":0},"end":{"line":168,"column":53}},"168":{"start":{"line":169,"column":0},"end":{"line":169,"column":44}},"169":{"start":{"line":170,"column":0},"end":{"line":170,"column":9}},"170":{"start":{"line":171,"column":0},"end":{"line":171,"column":70}},"171":{"start":{"line":172,"column":0},"end":{"line":172,"column":67}},"172":{"start":{"line":173,"column":0},"end":{"line":173,"column":105}},"173":{"start":{"line":174,"column":0},"end":{"line":174,"column":55}},"174":{"start":{"line":175,"column":0},"end":{"line":175,"column":46}},"175":{"start":{"line":176,"column":0},"end":{"line":176,"column":11}},"176":{"start":{"line":177,"column":0},"end":{"line":177,"column":9}},"177":{"start":{"line":178,"column":0},"end":{"line":178,"column":0}},"178":{"start":{"line":179,"column":0},"end":{"line":179,"column":35}},"179":{"start":{"line":180,"column":0},"end":{"line":180,"column":48}},"180":{"start":{"line":181,"column":0},"end":{"line":181,"column":34}},"181":{"start":{"line":182,"column":0},"end":{"line":182,"column":0}},"182":{"start":{"line":183,"column":0},"end":{"line":183,"column":43}},"183":{"start":{"line":184,"column":0},"end":{"line":184,"column":39}},"184":{"start":{"line":185,"column":0},"end":{"line":185,"column":39}},"185":{"start":{"line":186,"column":0},"end":{"line":186,"column":47}},"186":{"start":{"line":187,"column":0},"end":{"line":187,"column":11}},"187":{"start":{"line":188,"column":0},"end":{"line":188,"column":9}},"188":{"start":{"line":189,"column":0},"end":{"line":189,"column":8}},"189":{"start":{"line":190,"column":0},"end":{"line":190,"column":0}},"190":{"start":{"line":191,"column":0},"end":{"line":191,"column":24}},"191":{"start":{"line":192,"column":0},"end":{"line":192,"column":30}},"192":{"start":{"line":193,"column":0},"end":{"line":193,"column":45}},"193":{"start":{"line":194,"column":0},"end":{"line":194,"column":21}},"194":{"start":{"line":195,"column":0},"end":{"line":195,"column":37}},"195":{"start":{"line":196,"column":0},"end":{"line":196,"column":50}},"196":{"start":{"line":197,"column":0},"end":{"line":197,"column":36}},"197":{"start":{"line":198,"column":0},"end":{"line":198,"column":9}},"198":{"start":{"line":199,"column":0},"end":{"line":199,"column":9}},"199":{"start":{"line":200,"column":0},"end":{"line":200,"column":6}},"200":{"start":{"line":201,"column":0},"end":{"line":201,"column":91}},"201":{"start":{"line":202,"column":0},"end":{"line":202,"column":4}},"202":{"start":{"line":203,"column":0},"end":{"line":203,"column":0}},"203":{"start":{"line":204,"column":0},"end":{"line":204,"column":74}},"204":{"start":{"line":205,"column":0},"end":{"line":205,"column":74}},"205":{"start":{"line":206,"column":0},"end":{"line":206,"column":0}},"206":{"start":{"line":207,"column":0},"end":{"line":207,"column":77}},"207":{"start":{"line":208,"column":0},"end":{"line":208,"column":38}},"208":{"start":{"line":209,"column":0},"end":{"line":209,"column":66}},"209":{"start":{"line":210,"column":0},"end":{"line":210,"column":66}},"210":{"start":{"line":211,"column":0},"end":{"line":211,"column":43}},"211":{"start":{"line":212,"column":0},"end":{"line":212,"column":4}},"212":{"start":{"line":213,"column":0},"end":{"line":213,"column":55}},"213":{"start":{"line":214,"column":0},"end":{"line":214,"column":58}},"214":{"start":{"line":215,"column":0},"end":{"line":215,"column":0}},"215":{"start":{"line":216,"column":0},"end":{"line":216,"column":40}},"216":{"start":{"line":217,"column":0},"end":{"line":217,"column":20}},"217":{"start":{"line":218,"column":0},"end":{"line":218,"column":76}},"218":{"start":{"line":219,"column":0},"end":{"line":219,"column":6}},"219":{"start":{"line":220,"column":0},"end":{"line":220,"column":0}},"220":{"start":{"line":221,"column":0},"end":{"line":221,"column":23}},"221":{"start":{"line":222,"column":0},"end":{"line":222,"column":83}},"222":{"start":{"line":223,"column":0},"end":{"line":223,"column":88}},"223":{"start":{"line":224,"column":0},"end":{"line":224,"column":67}},"224":{"start":{"line":225,"column":0},"end":{"line":225,"column":66}},"225":{"start":{"line":226,"column":0},"end":{"line":226,"column":5}},"226":{"start":{"line":227,"column":0},"end":{"line":227,"column":4}},"227":{"start":{"line":228,"column":0},"end":{"line":228,"column":34}},"228":{"start":{"line":229,"column":0},"end":{"line":229,"column":58}},"229":{"start":{"line":230,"column":0},"end":{"line":230,"column":0}},"230":{"start":{"line":231,"column":0},"end":{"line":231,"column":54}},"231":{"start":{"line":232,"column":0},"end":{"line":232,"column":30}},"232":{"start":{"line":233,"column":0},"end":{"line":233,"column":40}},"233":{"start":{"line":234,"column":0},"end":{"line":234,"column":4}},"234":{"start":{"line":235,"column":0},"end":{"line":235,"column":51}},"235":{"start":{"line":236,"column":0},"end":{"line":236,"column":93}},"236":{"start":{"line":237,"column":0},"end":{"line":237,"column":0}},"237":{"start":{"line":238,"column":0},"end":{"line":238,"column":22}},"238":{"start":{"line":239,"column":0},"end":{"line":239,"column":62}},"239":{"start":{"line":240,"column":0},"end":{"line":240,"column":4}},"240":{"start":{"line":241,"column":0},"end":{"line":241,"column":52}},"241":{"start":{"line":242,"column":0},"end":{"line":242,"column":34}},"242":{"start":{"line":243,"column":0},"end":{"line":243,"column":72}},"243":{"start":{"line":244,"column":0},"end":{"line":244,"column":16}},"244":{"start":{"line":245,"column":0},"end":{"line":245,"column":15}},"245":{"start":{"line":246,"column":0},"end":{"line":246,"column":67}},"246":{"start":{"line":247,"column":0},"end":{"line":247,"column":10}},"247":{"start":{"line":248,"column":0},"end":{"line":248,"column":7}},"248":{"start":{"line":249,"column":0},"end":{"line":249,"column":15}},"249":{"start":{"line":250,"column":0},"end":{"line":250,"column":7}},"250":{"start":{"line":251,"column":0},"end":{"line":251,"column":0}},"251":{"start":{"line":252,"column":0},"end":{"line":252,"column":23}},"252":{"start":{"line":253,"column":0},"end":{"line":253,"column":73}},"253":{"start":{"line":254,"column":0},"end":{"line":254,"column":52}},"254":{"start":{"line":255,"column":0},"end":{"line":255,"column":75}},"255":{"start":{"line":256,"column":0},"end":{"line":256,"column":21}},"256":{"start":{"line":257,"column":0},"end":{"line":257,"column":0}},"257":{"start":{"line":258,"column":0},"end":{"line":258,"column":34}},"258":{"start":{"line":259,"column":0},"end":{"line":259,"column":66}},"259":{"start":{"line":260,"column":0},"end":{"line":260,"column":29}},"260":{"start":{"line":261,"column":0},"end":{"line":261,"column":38}},"261":{"start":{"line":262,"column":0},"end":{"line":262,"column":63}},"262":{"start":{"line":263,"column":0},"end":{"line":263,"column":29}},"263":{"start":{"line":264,"column":0},"end":{"line":264,"column":66}},"264":{"start":{"line":265,"column":0},"end":{"line":265,"column":66}},"265":{"start":{"line":266,"column":0},"end":{"line":266,"column":18}},"266":{"start":{"line":267,"column":0},"end":{"line":267,"column":46}},"267":{"start":{"line":268,"column":0},"end":{"line":268,"column":11}},"268":{"start":{"line":269,"column":0},"end":{"line":269,"column":102}},"269":{"start":{"line":270,"column":0},"end":{"line":270,"column":9}},"270":{"start":{"line":271,"column":0},"end":{"line":271,"column":9}},"271":{"start":{"line":272,"column":0},"end":{"line":272,"column":0}},"272":{"start":{"line":273,"column":0},"end":{"line":273,"column":96}},"273":{"start":{"line":274,"column":0},"end":{"line":274,"column":34}},"274":{"start":{"line":275,"column":0},"end":{"line":275,"column":66}},"275":{"start":{"line":276,"column":0},"end":{"line":276,"column":27}},"276":{"start":{"line":277,"column":0},"end":{"line":277,"column":82}},"277":{"start":{"line":278,"column":0},"end":{"line":278,"column":91}},"278":{"start":{"line":279,"column":0},"end":{"line":279,"column":54}},"279":{"start":{"line":280,"column":0},"end":{"line":280,"column":72}},"280":{"start":{"line":281,"column":0},"end":{"line":281,"column":34}},"281":{"start":{"line":282,"column":0},"end":{"line":282,"column":78}},"282":{"start":{"line":283,"column":0},"end":{"line":283,"column":15}},"283":{"start":{"line":284,"column":0},"end":{"line":284,"column":15}},"284":{"start":{"line":285,"column":0},"end":{"line":285,"column":18}},"285":{"start":{"line":286,"column":0},"end":{"line":286,"column":90}},"286":{"start":{"line":287,"column":0},"end":{"line":287,"column":73}},"287":{"start":{"line":288,"column":0},"end":{"line":288,"column":11}},"288":{"start":{"line":289,"column":0},"end":{"line":289,"column":9}},"289":{"start":{"line":290,"column":0},"end":{"line":290,"column":9}},"290":{"start":{"line":291,"column":0},"end":{"line":291,"column":5}},"291":{"start":{"line":292,"column":0},"end":{"line":292,"column":0}},"292":{"start":{"line":293,"column":0},"end":{"line":293,"column":38}},"293":{"start":{"line":294,"column":0},"end":{"line":294,"column":49}},"294":{"start":{"line":295,"column":0},"end":{"line":295,"column":40}},"295":{"start":{"line":296,"column":0},"end":{"line":296,"column":5}},"296":{"start":{"line":297,"column":0},"end":{"line":297,"column":66}},"297":{"start":{"line":298,"column":0},"end":{"line":298,"column":63}},"298":{"start":{"line":299,"column":0},"end":{"line":299,"column":101}},"299":{"start":{"line":300,"column":0},"end":{"line":300,"column":51}},"300":{"start":{"line":301,"column":0},"end":{"line":301,"column":42}},"301":{"start":{"line":302,"column":0},"end":{"line":302,"column":7}},"302":{"start":{"line":303,"column":0},"end":{"line":303,"column":5}},"303":{"start":{"line":304,"column":0},"end":{"line":304,"column":0}},"304":{"start":{"line":305,"column":0},"end":{"line":305,"column":28}},"305":{"start":{"line":306,"column":0},"end":{"line":306,"column":22}},"306":{"start":{"line":307,"column":0},"end":{"line":307,"column":35}},"307":{"start":{"line":308,"column":0},"end":{"line":308,"column":48}},"308":{"start":{"line":309,"column":0},"end":{"line":309,"column":34}},"309":{"start":{"line":310,"column":0},"end":{"line":310,"column":8}},"310":{"start":{"line":311,"column":0},"end":{"line":311,"column":19}},"311":{"start":{"line":312,"column":0},"end":{"line":312,"column":35}},"312":{"start":{"line":313,"column":0},"end":{"line":313,"column":48}},"313":{"start":{"line":314,"column":0},"end":{"line":314,"column":34}},"314":{"start":{"line":315,"column":0},"end":{"line":315,"column":7}},"315":{"start":{"line":316,"column":0},"end":{"line":316,"column":7}},"316":{"start":{"line":317,"column":0},"end":{"line":317,"column":85}},"317":{"start":{"line":318,"column":0},"end":{"line":318,"column":0}},"318":{"start":{"line":319,"column":0},"end":{"line":319,"column":19}},"319":{"start":{"line":320,"column":0},"end":{"line":320,"column":49}},"320":{"start":{"line":321,"column":0},"end":{"line":321,"column":54}},"321":{"start":{"line":322,"column":0},"end":{"line":322,"column":31}},"322":{"start":{"line":323,"column":0},"end":{"line":323,"column":20}},"323":{"start":{"line":324,"column":0},"end":{"line":324,"column":7}},"324":{"start":{"line":325,"column":0},"end":{"line":325,"column":6}},"325":{"start":{"line":326,"column":0},"end":{"line":326,"column":54}},"326":{"start":{"line":327,"column":0},"end":{"line":327,"column":70}},"327":{"start":{"line":328,"column":0},"end":{"line":328,"column":19}},"328":{"start":{"line":329,"column":0},"end":{"line":329,"column":0}},"329":{"start":{"line":330,"column":0},"end":{"line":330,"column":37}},"330":{"start":{"line":331,"column":0},"end":{"line":331,"column":67}},"331":{"start":{"line":332,"column":0},"end":{"line":332,"column":24}},"332":{"start":{"line":333,"column":0},"end":{"line":333,"column":26}},"333":{"start":{"line":334,"column":0},"end":{"line":334,"column":32}},"334":{"start":{"line":335,"column":0},"end":{"line":335,"column":30}},"335":{"start":{"line":336,"column":0},"end":{"line":336,"column":6}},"336":{"start":{"line":337,"column":0},"end":{"line":337,"column":6}},"337":{"start":{"line":338,"column":0},"end":{"line":338,"column":4}},"338":{"start":{"line":339,"column":0},"end":{"line":339,"column":0}},"339":{"start":{"line":340,"column":0},"end":{"line":340,"column":24}},"340":{"start":{"line":341,"column":0},"end":{"line":341,"column":12}},"341":{"start":{"line":342,"column":0},"end":{"line":342,"column":27}},"342":{"start":{"line":343,"column":0},"end":{"line":343,"column":14}},"343":{"start":{"line":344,"column":0},"end":{"line":344,"column":16}},"344":{"start":{"line":345,"column":0},"end":{"line":345,"column":16}},"345":{"start":{"line":346,"column":0},"end":{"line":346,"column":14}},"346":{"start":{"line":347,"column":0},"end":{"line":347,"column":17}},"347":{"start":{"line":348,"column":0},"end":{"line":348,"column":15}},"348":{"start":{"line":349,"column":0},"end":{"line":349,"column":18}},"349":{"start":{"line":350,"column":0},"end":{"line":350,"column":17}},"350":{"start":{"line":351,"column":0},"end":{"line":351,"column":20}},"351":{"start":{"line":352,"column":0},"end":{"line":352,"column":17}},"352":{"start":{"line":353,"column":0},"end":{"line":353,"column":16}},"353":{"start":{"line":354,"column":0},"end":{"line":354,"column":21}},"354":{"start":{"line":355,"column":0},"end":{"line":355,"column":20}},"355":{"start":{"line":356,"column":0},"end":{"line":356,"column":21}},"356":{"start":{"line":357,"column":0},"end":{"line":357,"column":23}},"357":{"start":{"line":358,"column":0},"end":{"line":358,"column":24}},"358":{"start":{"line":359,"column":0},"end":{"line":359,"column":21}},"359":{"start":{"line":360,"column":0},"end":{"line":360,"column":11}},"360":{"start":{"line":361,"column":0},"end":{"line":361,"column":11}},"361":{"start":{"line":362,"column":0},"end":{"line":362,"column":14}},"362":{"start":{"line":363,"column":0},"end":{"line":363,"column":16}},"363":{"start":{"line":364,"column":0},"end":{"line":364,"column":23}},"364":{"start":{"line":365,"column":0},"end":{"line":365,"column":15}},"365":{"start":{"line":366,"column":0},"end":{"line":366,"column":20}},"366":{"start":{"line":367,"column":0},"end":{"line":367,"column":17}},"367":{"start":{"line":368,"column":0},"end":{"line":368,"column":7}},"368":{"start":{"line":369,"column":0},"end":{"line":369,"column":5}},"369":{"start":{"line":370,"column":0},"end":{"line":370,"column":20}},"370":{"start":{"line":371,"column":0},"end":{"line":371,"column":14}},"371":{"start":{"line":372,"column":0},"end":{"line":372,"column":16}},"372":{"start":{"line":373,"column":0},"end":{"line":373,"column":16}},"373":{"start":{"line":374,"column":0},"end":{"line":374,"column":14}},"374":{"start":{"line":375,"column":0},"end":{"line":375,"column":17}},"375":{"start":{"line":376,"column":0},"end":{"line":376,"column":15}},"376":{"start":{"line":377,"column":0},"end":{"line":377,"column":18}},"377":{"start":{"line":378,"column":0},"end":{"line":378,"column":17}},"378":{"start":{"line":379,"column":0},"end":{"line":379,"column":20}},"379":{"start":{"line":380,"column":0},"end":{"line":380,"column":17}},"380":{"start":{"line":381,"column":0},"end":{"line":381,"column":16}},"381":{"start":{"line":382,"column":0},"end":{"line":382,"column":21}},"382":{"start":{"line":383,"column":0},"end":{"line":383,"column":20}},"383":{"start":{"line":384,"column":0},"end":{"line":384,"column":21}},"384":{"start":{"line":385,"column":0},"end":{"line":385,"column":23}},"385":{"start":{"line":386,"column":0},"end":{"line":386,"column":24}},"386":{"start":{"line":387,"column":0},"end":{"line":387,"column":21}},"387":{"start":{"line":388,"column":0},"end":{"line":388,"column":11}},"388":{"start":{"line":389,"column":0},"end":{"line":389,"column":11}},"389":{"start":{"line":390,"column":0},"end":{"line":390,"column":14}},"390":{"start":{"line":391,"column":0},"end":{"line":391,"column":16}},"391":{"start":{"line":392,"column":0},"end":{"line":392,"column":17}},"392":{"start":{"line":393,"column":0},"end":{"line":393,"column":15}},"393":{"start":{"line":394,"column":0},"end":{"line":394,"column":20}},"394":{"start":{"line":395,"column":0},"end":{"line":395,"column":17}},"395":{"start":{"line":396,"column":0},"end":{"line":396,"column":5}},"396":{"start":{"line":397,"column":0},"end":{"line":397,"column":4}},"397":{"start":{"line":398,"column":0},"end":{"line":398,"column":0}},"398":{"start":{"line":399,"column":0},"end":{"line":399,"column":10}},"399":{"start":{"line":400,"column":0},"end":{"line":400,"column":41}},"400":{"start":{"line":401,"column":0},"end":{"line":401,"column":57}},"401":{"start":{"line":402,"column":0},"end":{"line":402,"column":18}},"402":{"start":{"line":403,"column":0},"end":{"line":403,"column":12}},"403":{"start":{"line":404,"column":0},"end":{"line":404,"column":28}},"404":{"start":{"line":405,"column":0},"end":{"line":405,"column":4}},"405":{"start":{"line":406,"column":0},"end":{"line":406,"column":2}}},"s":{"0":1,"1":1,"2":1,"3":1,"4":1,"5":1,"6":1,"7":1,"8":1,"9":1,"10":1,"11":1,"12":1,"13":1,"14":1,"15":1,"16":1,"17":1,"18":1,"19":1,"20":1,"21":1,"22":1,"23":1,"24":1,"25":1,"26":1,"27":1,"28":1,"29":1,"30":1,"31":1,"32":1,"33":1,"34":1,"35":1,"36":1,"37":1,"38":1,"39":1,"40":1,"41":1,"42":1,"43":1,"44":1,"45":1,"46":1,"47":158,"48":158,"49":0,"50":0,"51":158,"52":158,"53":1,"54":1,"55":1,"56":1,"57":1,"58":1,"59":1,"60":1,"61":1,"62":1,"63":1,"64":1,"65":1,"66":1,"67":1,"68":1,"69":1,"70":1,"71":1,"72":1,"73":1,"74":1,"75":68,"76":68,"77":68,"78":68,"79":68,"80":68,"81":68,"82":68,"83":68,"84":68,"85":68,"86":68,"87":68,"88":68,"89":68,"90":68,"91":68,"92":68,"93":68,"94":68,"95":68,"96":68,"97":68,"98":68,"99":68,"100":68,"101":68,"102":68,"103":68,"104":68,"105":68,"106":31,"107":31,"108":4,"109":4,"110":31,"111":1,"112":1,"113":1,"114":0,"115":0,"116":1,"117":31,"118":31,"119":68,"120":68,"121":68,"122":68,"123":30,"124":1,"125":1,"126":68,"127":68,"128":68,"129":67,"130":7,"131":7,"132":60,"133":60,"134":60,"135":60,"136":60,"137":60,"138":68,"139":68,"140":68,"141":68,"142":68,"143":68,"144":68,"145":68,"146":68,"147":68,"148":68,"149":4,"150":4,"151":1,"152":1,"153":1,"154":1,"155":1,"156":3,"157":3,"158":3,"159":3,"160":3,"161":3,"162":3,"163":3,"164":3,"165":3,"166":3,"167":3,"168":1,"169":1,"170":3,"171":1,"172":1,"173":1,"174":1,"175":1,"176":1,"177":3,"178":3,"179":3,"180":3,"181":3,"182":3,"183":3,"184":0,"185":0,"186":0,"187":0,"188":3,"189":3,"190":3,"191":3,"192":3,"193":3,"194":0,"195":0,"196":0,"197":0,"198":3,"199":4,"200":68,"201":68,"202":68,"203":68,"204":68,"205":68,"206":68,"207":2,"208":2,"209":2,"210":2,"211":2,"212":2,"213":2,"214":2,"215":2,"216":2,"217":2,"218":2,"219":2,"220":2,"221":2,"222":2,"223":2,"224":2,"225":2,"226":2,"227":2,"228":68,"229":68,"230":68,"231":3,"232":3,"233":3,"234":3,"235":3,"236":3,"237":3,"238":3,"239":3,"240":3,"241":3,"242":2,"243":1,"244":1,"245":1,"246":1,"247":1,"248":1,"249":3,"250":3,"251":3,"252":3,"253":3,"254":3,"255":0,"256":3,"257":3,"258":1,"259":1,"260":1,"261":1,"262":1,"263":1,"264":0,"265":1,"266":1,"267":1,"268":1,"269":1,"270":3,"271":3,"272":3,"273":3,"274":1,"275":1,"276":1,"277":0,"278":0,"279":0,"280":0,"281":0,"282":0,"283":0,"284":1,"285":1,"286":1,"287":1,"288":1,"289":3,"290":3,"291":3,"292":3,"293":3,"294":0,"295":0,"296":3,"297":0,"298":0,"299":0,"300":0,"301":0,"302":0,"303":3,"304":3,"305":3,"306":3,"307":3,"308":3,"309":3,"310":3,"311":0,"312":0,"313":0,"314":0,"315":3,"316":68,"317":68,"318":68,"319":30,"320":0,"321":0,"322":0,"323":0,"324":0,"325":30,"326":30,"327":68,"328":68,"329":68,"330":68,"331":0,"332":0,"333":0,"334":0,"335":0,"336":68,"337":68,"338":68,"339":68,"340":68,"341":68,"342":68,"343":68,"344":68,"345":68,"346":68,"347":68,"348":68,"349":68,"350":68,"351":68,"352":68,"353":68,"354":68,"355":68,"356":68,"357":68,"358":68,"359":68,"360":68,"361":68,"362":68,"363":68,"364":68,"365":68,"366":68,"367":68,"368":68,"369":68,"370":68,"371":68,"372":68,"373":68,"374":68,"375":68,"376":68,"377":68,"378":68,"379":68,"380":68,"381":68,"382":68,"383":68,"384":68,"385":68,"386":68,"387":68,"388":68,"389":68,"390":68,"391":68,"392":68,"393":68,"394":68,"395":68,"396":68,"397":68,"398":68,"399":68,"400":68,"401":68,"402":68,"403":68,"404":68,"405":68},"branchMap":{"0":{"type":"branch","line":47,"loc":{"start":{"line":47,"column":31},"end":{"line":53,"column":2}},"locations":[{"start":{"line":47,"column":31},"end":{"line":53,"column":2}}]},"1":{"type":"branch","line":49,"loc":{"start":{"line":49,"column":16},"end":{"line":51,"column":3}},"locations":[{"start":{"line":49,"column":16},"end":{"line":51,"column":3}}]},"2":{"type":"branch","line":75,"loc":{"start":{"line":75,"column":59},"end":{"line":406,"column":2}},"locations":[{"start":{"line":75,"column":59},"end":{"line":406,"column":2}}]},"3":{"type":"branch","line":101,"loc":{"start":{"line":101,"column":33},"end":{"line":101,"column":61}},"locations":[{"start":{"line":101,"column":33},"end":{"line":101,"column":61}}]},"4":{"type":"branch","line":103,"loc":{"start":{"line":103,"column":29},"end":{"line":103,"column":66}},"locations":[{"start":{"line":103,"column":29},"end":{"line":103,"column":66}}]},"5":{"type":"branch","line":106,"loc":{"start":{"line":106,"column":12},"end":{"line":120,"column":5}},"locations":[{"start":{"line":106,"column":12},"end":{"line":120,"column":5}}]},"6":{"type":"branch","line":108,"loc":{"start":{"line":108,"column":8},"end":{"line":108,"column":48}},"locations":[{"start":{"line":108,"column":8},"end":{"line":108,"column":48}}]},"7":{"type":"branch","line":108,"loc":{"start":{"line":108,"column":48},"end":{"line":110,"column":5}},"locations":[{"start":{"line":108,"column":48},"end":{"line":110,"column":5}}]},"8":{"type":"branch","line":111,"loc":{"start":{"line":111,"column":8},"end":{"line":111,"column":43}},"locations":[{"start":{"line":111,"column":8},"end":{"line":111,"column":43}}]},"9":{"type":"branch","line":111,"loc":{"start":{"line":111,"column":30},"end":{"line":111,"column":65}},"locations":[{"start":{"line":111,"column":30},"end":{"line":111,"column":65}}]},"10":{"type":"branch","line":111,"loc":{"start":{"line":111,"column":65},"end":{"line":117,"column":5}},"locations":[{"start":{"line":111,"column":65},"end":{"line":117,"column":5}}]},"11":{"type":"branch","line":114,"loc":{"start":{"line":114,"column":28},"end":{"line":116,"column":7}},"locations":[{"start":{"line":114,"column":28},"end":{"line":116,"column":7}}]},"12":{"type":"branch","line":123,"loc":{"start":{"line":123,"column":12},"end":{"line":127,"column":5}},"locations":[{"start":{"line":123,"column":12},"end":{"line":127,"column":5}}]},"13":{"type":"branch","line":124,"loc":{"start":{"line":124,"column":8},"end":{"line":124,"column":36}},"locations":[{"start":{"line":124,"column":8},"end":{"line":124,"column":36}}]},"14":{"type":"branch","line":124,"loc":{"start":{"line":124,"column":25},"end":{"line":124,"column":47}},"locations":[{"start":{"line":124,"column":25},"end":{"line":124,"column":47}}]},"15":{"type":"branch","line":124,"loc":{"start":{"line":124,"column":47},"end":{"line":126,"column":5}},"locations":[{"start":{"line":124,"column":47},"end":{"line":126,"column":5}}]},"16":{"type":"branch","line":129,"loc":{"start":{"line":129,"column":41},"end":{"line":139,"column":5}},"locations":[{"start":{"line":129,"column":41},"end":{"line":139,"column":5}}]},"17":{"type":"branch","line":130,"loc":{"start":{"line":130,"column":36},"end":{"line":132,"column":5}},"locations":[{"start":{"line":130,"column":36},"end":{"line":132,"column":5}}]},"18":{"type":"branch","line":132,"loc":{"start":{"line":132,"column":4},"end":{"line":138,"column":6}},"locations":[{"start":{"line":132,"column":4},"end":{"line":138,"column":6}}]},"19":{"type":"branch","line":133,"loc":{"start":{"line":133,"column":37},"end":{"line":133,"column":61}},"locations":[{"start":{"line":133,"column":37},"end":{"line":133,"column":61}}]},"20":{"type":"branch","line":134,"loc":{"start":{"line":134,"column":35},"end":{"line":134,"column":57}},"locations":[{"start":{"line":134,"column":35},"end":{"line":134,"column":57}}]},"21":{"type":"branch","line":141,"loc":{"start":{"line":141,"column":30},"end":{"line":141,"column":69}},"locations":[{"start":{"line":141,"column":30},"end":{"line":141,"column":69}}]},"22":{"type":"branch","line":144,"loc":{"start":{"line":144,"column":4},"end":{"line":144,"column":92}},"locations":[{"start":{"line":144,"column":4},"end":{"line":144,"column":92}}]},"23":{"type":"branch","line":149,"loc":{"start":{"line":149,"column":4},"end":{"line":200,"column":6}},"locations":[{"start":{"line":149,"column":4},"end":{"line":200,"column":6}}]},"24":{"type":"branch","line":151,"loc":{"start":{"line":151,"column":36},"end":{"line":156,"column":7}},"locations":[{"start":{"line":151,"column":36},"end":{"line":156,"column":7}}]},"25":{"type":"branch","line":156,"loc":{"start":{"line":156,"column":6},"end":{"line":199,"column":9}},"locations":[{"start":{"line":156,"column":6},"end":{"line":199,"column":9}}]},"26":{"type":"branch","line":161,"loc":{"start":{"line":161,"column":23},"end":{"line":189,"column":8}},"locations":[{"start":{"line":161,"column":23},"end":{"line":189,"column":8}}]},"27":{"type":"branch","line":168,"loc":{"start":{"line":168,"column":52},"end":{"line":170,"column":9}},"locations":[{"start":{"line":168,"column":52},"end":{"line":170,"column":9}}]},"28":{"type":"branch","line":171,"loc":{"start":{"line":171,"column":12},"end":{"line":171,"column":47}},"locations":[{"start":{"line":171,"column":12},"end":{"line":171,"column":47}}]},"29":{"type":"branch","line":171,"loc":{"start":{"line":171,"column":34},"end":{"line":171,"column":69}},"locations":[{"start":{"line":171,"column":34},"end":{"line":171,"column":69}}]},"30":{"type":"branch","line":171,"loc":{"start":{"line":171,"column":69},"end":{"line":177,"column":9}},"locations":[{"start":{"line":171,"column":69},"end":{"line":177,"column":9}}]},"31":{"type":"branch","line":184,"loc":{"start":{"line":184,"column":38},"end":{"line":188,"column":9}},"locations":[{"start":{"line":184,"column":38},"end":{"line":188,"column":9}}]},"32":{"type":"branch","line":162,"loc":{"start":{"line":162,"column":41},"end":{"line":162,"column":89}},"locations":[{"start":{"line":162,"column":41},"end":{"line":162,"column":89}}]},"33":{"type":"branch","line":162,"loc":{"start":{"line":162,"column":69},"end":{"line":162,"column":87}},"locations":[{"start":{"line":162,"column":69},"end":{"line":162,"column":87}}]},"34":{"type":"branch","line":162,"loc":{"start":{"line":162,"column":74},"end":{"line":162,"column":89}},"locations":[{"start":{"line":162,"column":74},"end":{"line":162,"column":89}}]},"35":{"type":"branch","line":193,"loc":{"start":{"line":193,"column":17},"end":{"line":193,"column":45}},"locations":[{"start":{"line":193,"column":17},"end":{"line":193,"column":45}}]},"36":{"type":"branch","line":207,"loc":{"start":{"line":207,"column":36},"end":{"line":229,"column":5}},"locations":[{"start":{"line":207,"column":36},"end":{"line":229,"column":5}}]},"37":{"type":"branch","line":208,"loc":{"start":{"line":208,"column":31},"end":{"line":208,"column":38}},"locations":[{"start":{"line":208,"column":31},"end":{"line":208,"column":38}}]},"38":{"type":"branch","line":211,"loc":{"start":{"line":211,"column":36},"end":{"line":211,"column":43}},"locations":[{"start":{"line":211,"column":36},"end":{"line":211,"column":43}}]},"39":{"type":"branch","line":214,"loc":{"start":{"line":214,"column":51},"end":{"line":214,"column":58}},"locations":[{"start":{"line":214,"column":51},"end":{"line":214,"column":58}}]},"40":{"type":"branch","line":209,"loc":{"start":{"line":209,"column":42},"end":{"line":209,"column":64}},"locations":[{"start":{"line":209,"column":42},"end":{"line":209,"column":64}}]},"41":{"type":"branch","line":210,"loc":{"start":{"line":210,"column":42},"end":{"line":210,"column":64}},"locations":[{"start":{"line":210,"column":42},"end":{"line":210,"column":64}}]},"42":{"type":"branch","line":223,"loc":{"start":{"line":223,"column":40},"end":{"line":223,"column":86}},"locations":[{"start":{"line":223,"column":40},"end":{"line":223,"column":86}}]},"43":{"type":"branch","line":223,"loc":{"start":{"line":223,"column":54},"end":{"line":223,"column":85}},"locations":[{"start":{"line":223,"column":54},"end":{"line":223,"column":85}}]},"44":{"type":"branch","line":223,"loc":{"start":{"line":223,"column":65},"end":{"line":223,"column":86}},"locations":[{"start":{"line":223,"column":65},"end":{"line":223,"column":86}}]},"45":{"type":"branch","line":225,"loc":{"start":{"line":225,"column":41},"end":{"line":225,"column":63}},"locations":[{"start":{"line":225,"column":41},"end":{"line":225,"column":63}}]},"46":{"type":"branch","line":231,"loc":{"start":{"line":231,"column":33},"end":{"line":317,"column":5}},"locations":[{"start":{"line":231,"column":33},"end":{"line":317,"column":5}}]},"47":{"type":"branch","line":255,"loc":{"start":{"line":255,"column":73},"end":{"line":256,"column":21}},"locations":[{"start":{"line":255,"column":73},"end":{"line":256,"column":21}}]},"48":{"type":"branch","line":294,"loc":{"start":{"line":294,"column":48},"end":{"line":296,"column":5}},"locations":[{"start":{"line":294,"column":48},"end":{"line":296,"column":5}}]},"49":{"type":"branch","line":297,"loc":{"start":{"line":297,"column":8},"end":{"line":297,"column":43}},"locations":[{"start":{"line":297,"column":8},"end":{"line":297,"column":43}}]},"50":{"type":"branch","line":297,"loc":{"start":{"line":297,"column":30},"end":{"line":297,"column":65}},"locations":[{"start":{"line":297,"column":30},"end":{"line":297,"column":65}}]},"51":{"type":"branch","line":297,"loc":{"start":{"line":297,"column":65},"end":{"line":303,"column":5}},"locations":[{"start":{"line":297,"column":65},"end":{"line":303,"column":5}}]},"52":{"type":"branch","line":236,"loc":{"start":{"line":236,"column":44},"end":{"line":236,"column":91}},"locations":[{"start":{"line":236,"column":44},"end":{"line":236,"column":91}}]},"53":{"type":"branch","line":236,"loc":{"start":{"line":236,"column":51},"end":{"line":236,"column":70}},"locations":[{"start":{"line":236,"column":51},"end":{"line":236,"column":70}}]},"54":{"type":"branch","line":236,"loc":{"start":{"line":236,"column":70},"end":{"line":236,"column":90}},"locations":[{"start":{"line":236,"column":70},"end":{"line":236,"column":90}}]},"55":{"type":"branch","line":239,"loc":{"start":{"line":239,"column":40},"end":{"line":239,"column":60}},"locations":[{"start":{"line":239,"column":40},"end":{"line":239,"column":60}}]},"56":{"type":"branch","line":242,"loc":{"start":{"line":242,"column":28},"end":{"line":250,"column":5}},"locations":[{"start":{"line":242,"column":28},"end":{"line":250,"column":5}}]},"57":{"type":"branch","line":243,"loc":{"start":{"line":243,"column":12},"end":{"line":243,"column":71}},"locations":[{"start":{"line":243,"column":12},"end":{"line":243,"column":71}}]},"58":{"type":"branch","line":243,"loc":{"start":{"line":243,"column":71},"end":{"line":249,"column":15}},"locations":[{"start":{"line":243,"column":71},"end":{"line":249,"column":15}}]},"59":{"type":"branch","line":243,"loc":{"start":{"line":243,"column":48},"end":{"line":243,"column":68}},"locations":[{"start":{"line":243,"column":48},"end":{"line":243,"column":68}}]},"60":{"type":"branch","line":246,"loc":{"start":{"line":246,"column":46},"end":{"line":246,"column":66}},"locations":[{"start":{"line":246,"column":46},"end":{"line":246,"column":66}}]},"61":{"type":"branch","line":255,"loc":{"start":{"line":255,"column":49},"end":{"line":255,"column":71}},"locations":[{"start":{"line":255,"column":49},"end":{"line":255,"column":71}}]},"62":{"type":"branch","line":258,"loc":{"start":{"line":258,"column":25},"end":{"line":271,"column":7}},"locations":[{"start":{"line":258,"column":25},"end":{"line":271,"column":7}}]},"63":{"type":"branch","line":264,"loc":{"start":{"line":264,"column":65},"end":{"line":266,"column":17}},"locations":[{"start":{"line":264,"column":65},"end":{"line":266,"column":17}}]},"64":{"type":"branch","line":259,"loc":{"start":{"line":259,"column":43},"end":{"line":259,"column":64}},"locations":[{"start":{"line":259,"column":43},"end":{"line":259,"column":64}}]},"65":{"type":"branch","line":274,"loc":{"start":{"line":274,"column":25},"end":{"line":290,"column":7}},"locations":[{"start":{"line":274,"column":25},"end":{"line":290,"column":7}}]},"66":{"type":"branch","line":277,"loc":{"start":{"line":277,"column":81},"end":{"line":285,"column":17}},"locations":[{"start":{"line":277,"column":81},"end":{"line":285,"column":17}}]},"67":{"type":"branch","line":275,"loc":{"start":{"line":275,"column":43},"end":{"line":275,"column":64}},"locations":[{"start":{"line":275,"column":43},"end":{"line":275,"column":64}}]},"68":{"type":"branch","line":306,"loc":{"start":{"line":306,"column":15},"end":{"line":310,"column":8}},"locations":[{"start":{"line":306,"column":15},"end":{"line":310,"column":8}}]},"69":{"type":"branch","line":319,"loc":{"start":{"line":319,"column":12},"end":{"line":328,"column":5}},"locations":[{"start":{"line":319,"column":12},"end":{"line":328,"column":5}}]},"70":{"type":"branch","line":327,"loc":{"start":{"line":327,"column":11},"end":{"line":327,"column":70}},"locations":[{"start":{"line":327,"column":11},"end":{"line":327,"column":70}}]},"71":{"type":"branch","line":341,"loc":{"start":{"line":341,"column":4},"end":{"line":368,"column":7}},"locations":[{"start":{"line":341,"column":4},"end":{"line":368,"column":7}}]}},"b":{"0":[158],"1":[0],"2":[68],"3":[30],"4":[30],"5":[31],"6":[28],"7":[4],"8":[1],"9":[1],"10":[1],"11":[0],"12":[30],"13":[2],"14":[2],"15":[1],"16":[67],"17":[7],"18":[60],"19":[91],"20":[91],"21":[30],"22":[33],"23":[4],"24":[1],"25":[3],"26":[3],"27":[1],"28":[1],"29":[1],"30":[1],"31":[0],"32":[6],"33":[3],"34":[3],"35":[3],"36":[2],"37":[0],"38":[0],"39":[0],"40":[4],"41":[2],"42":[4],"43":[2],"44":[2],"45":[4],"46":[3],"47":[0],"48":[0],"49":[0],"50":[0],"51":[0],"52":[5],"53":[1],"54":[1],"55":[5],"56":[2],"57":[1],"58":[1],"59":[1],"60":[1],"61":[5],"62":[1],"63":[0],"64":[1],"65":[1],"66":[0],"67":[1],"68":[3],"69":[30],"70":[30],"71":[68]},"fnMap":{"0":{"name":"useGanttContext","decl":{"start":{"line":47,"column":31},"end":{"line":53,"column":2}},"loc":{"start":{"line":47,"column":31},"end":{"line":53,"column":2}},"line":47},"1":{"name":"GanttProvider","decl":{"start":{"line":75,"column":59},"end":{"line":406,"column":2}},"loc":{"start":{"line":75,"column":59},"end":{"line":406,"column":2}},"line":75},"2":{"name":"doUpdate","decl":{"start":{"line":161,"column":23},"end":{"line":189,"column":8}},"loc":{"start":{"line":161,"column":23},"end":{"line":189,"column":8}},"line":161},"3":{"name":"execute","decl":{"start":{"line":193,"column":17},"end":{"line":193,"column":45}},"loc":{"start":{"line":193,"column":17},"end":{"line":193,"column":45}},"line":193},"4":{"name":"undo","decl":{"start":{"line":194,"column":14},"end":{"line":198,"column":9}},"loc":{"start":{"line":194,"column":14},"end":{"line":198,"column":9}},"line":194},"5":{"name":"execute","decl":{"start":{"line":306,"column":15},"end":{"line":310,"column":8}},"loc":{"start":{"line":306,"column":15},"end":{"line":310,"column":8}},"line":306},"6":{"name":"undo","decl":{"start":{"line":311,"column":12},"end":{"line":315,"column":7}},"loc":{"start":{"line":311,"column":12},"end":{"line":315,"column":7}},"line":311},"7":{"name":"handleKeyDown","decl":{"start":{"line":320,"column":26},"end":{"line":325,"column":6}},"loc":{"start":{"line":320,"column":26},"end":{"line":325,"column":6}},"line":320}},"f":{"0":158,"1":68,"2":3,"3":3,"4":0,"5":3,"6":0,"7":0}}
,"/home/vietnoirien/git-perso/Gantt_lib/packages/ganttcraft/src/components/TimeScale.tsx": {"path":"/home/vietnoirien/git-perso/Gantt_lib/packages/ganttcraft/src/components/TimeScale.tsx","all":false,"statementMap":{"0":{"start":{"line":1,"column":0},"end":{"line":1,"column":39}},"1":{"start":{"line":2,"column":0},"end":{"line":2,"column":50}},"2":{"start":{"line":3,"column":0},"end":{"line":3,"column":46}},"3":{"start":{"line":4,"column":0},"end":{"line":4,"column":36}},"4":{"start":{"line":5,"column":0},"end":{"line":5,"column":0}},"5":{"start":{"line":6,"column":0},"end":{"line":6,"column":60}},"6":{"start":{"line":7,"column":0},"end":{"line":7,"column":0}},"7":{"start":{"line":8,"column":0},"end":{"line":8,"column":44}},"8":{"start":{"line":9,"column":0},"end":{"line":9,"column":16}},"9":{"start":{"line":10,"column":0},"end":{"line":10,"column":22}},"10":{"start":{"line":11,"column":0},"end":{"line":11,"column":26}},"11":{"start":{"line":12,"column":0},"end":{"line":12,"column":41}},"12":{"start":{"line":13,"column":0},"end":{"line":13,"column":30}},"13":{"start":{"line":14,"column":0},"end":{"line":14,"column":31}},"14":{"start":{"line":15,"column":0},"end":{"line":15,"column":2}},"15":{"start":{"line":16,"column":0},"end":{"line":16,"column":0}},"16":{"start":{"line":17,"column":0},"end":{"line":17,"column":106}},"17":{"start":{"line":18,"column":0},"end":{"line":18,"column":0}},"18":{"start":{"line":19,"column":0},"end":{"line":19,"column":3}},"19":{"start":{"line":20,"column":0},"end":{"line":20,"column":70}},"20":{"start":{"line":21,"column":0},"end":{"line":21,"column":61}},"21":{"start":{"line":22,"column":0},"end":{"line":22,"column":3}},"22":{"start":{"line":23,"column":0},"end":{"line":23,"column":20}},"23":{"start":{"line":24,"column":0},"end":{"line":24,"column":18}},"24":{"start":{"line":25,"column":0},"end":{"line":25,"column":16}},"25":{"start":{"line":26,"column":0},"end":{"line":26,"column":22}},"26":{"start":{"line":27,"column":0},"end":{"line":27,"column":20}},"27":{"start":{"line":28,"column":0},"end":{"line":28,"column":125}},"28":{"start":{"line":29,"column":0},"end":{"line":29,"column":38}},"29":{"start":{"line":30,"column":0},"end":{"line":30,"column":65}},"30":{"start":{"line":31,"column":0},"end":{"line":31,"column":0}},"31":{"start":{"line":32,"column":0},"end":{"line":32,"column":71}},"32":{"start":{"line":33,"column":0},"end":{"line":33,"column":71}},"33":{"start":{"line":34,"column":0},"end":{"line":34,"column":0}},"34":{"start":{"line":35,"column":0},"end":{"line":35,"column":27}},"35":{"start":{"line":36,"column":0},"end":{"line":36,"column":33}},"36":{"start":{"line":37,"column":0},"end":{"line":37,"column":37}},"37":{"start":{"line":38,"column":0},"end":{"line":38,"column":25}},"38":{"start":{"line":39,"column":0},"end":{"line":39,"column":0}},"39":{"start":{"line":40,"column":0},"end":{"line":40,"column":38}},"40":{"start":{"line":41,"column":0},"end":{"line":41,"column":42}},"41":{"start":{"line":42,"column":0},"end":{"line":42,"column":41}},"42":{"start":{"line":43,"column":0},"end":{"line":43,"column":57}},"43":{"start":{"line":44,"column":0},"end":{"line":44,"column":60}},"44":{"start":{"line":45,"column":0},"end":{"line":45,"column":0}},"45":{"start":{"line":46,"column":0},"end":{"line":46,"column":18}},"46":{"start":{"line":47,"column":0},"end":{"line":47,"column":82}},"47":{"start":{"line":48,"column":0},"end":{"line":48,"column":61}},"48":{"start":{"line":49,"column":0},"end":{"line":49,"column":72}},"49":{"start":{"line":50,"column":0},"end":{"line":50,"column":9}},"50":{"start":{"line":51,"column":0},"end":{"line":51,"column":25}},"51":{"start":{"line":52,"column":0},"end":{"line":52,"column":5}},"52":{"start":{"line":53,"column":0},"end":{"line":53,"column":0}},"53":{"start":{"line":54,"column":0},"end":{"line":54,"column":36}},"54":{"start":{"line":55,"column":0},"end":{"line":55,"column":40}},"55":{"start":{"line":56,"column":0},"end":{"line":56,"column":38}},"56":{"start":{"line":57,"column":0},"end":{"line":57,"column":41}},"57":{"start":{"line":58,"column":0},"end":{"line":58,"column":40}},"58":{"start":{"line":59,"column":0},"end":{"line":59,"column":18}},"59":{"start":{"line":60,"column":0},"end":{"line":60,"column":46}},"60":{"start":{"line":61,"column":0},"end":{"line":61,"column":43}},"61":{"start":{"line":62,"column":0},"end":{"line":62,"column":40}},"62":{"start":{"line":63,"column":0},"end":{"line":63,"column":9}},"63":{"start":{"line":64,"column":0},"end":{"line":64,"column":55}},"64":{"start":{"line":65,"column":0},"end":{"line":65,"column":5}},"65":{"start":{"line":66,"column":0},"end":{"line":66,"column":35}},"66":{"start":{"line":67,"column":0},"end":{"line":67,"column":47}},"67":{"start":{"line":68,"column":0},"end":{"line":68,"column":38}},"68":{"start":{"line":69,"column":0},"end":{"line":69,"column":26}},"69":{"start":{"line":70,"column":0},"end":{"line":70,"column":39}},"70":{"start":{"line":71,"column":0},"end":{"line":71,"column":39}},"71":{"start":{"line":72,"column":0},"end":{"line":72,"column":38}},"72":{"start":{"line":73,"column":0},"end":{"line":73,"column":49}},"73":{"start":{"line":74,"column":0},"end":{"line":74,"column":18}},"74":{"start":{"line":75,"column":0},"end":{"line":75,"column":84}},"75":{"start":{"line":76,"column":0},"end":{"line":76,"column":57}},"76":{"start":{"line":77,"column":0},"end":{"line":77,"column":92}},"77":{"start":{"line":78,"column":0},"end":{"line":78,"column":9}},"78":{"start":{"line":79,"column":0},"end":{"line":79,"column":22}},"79":{"start":{"line":80,"column":0},"end":{"line":80,"column":5}},"80":{"start":{"line":81,"column":0},"end":{"line":81,"column":0}},"81":{"start":{"line":82,"column":0},"end":{"line":82,"column":38}},"82":{"start":{"line":83,"column":0},"end":{"line":83,"column":38}},"83":{"start":{"line":84,"column":0},"end":{"line":84,"column":36}},"84":{"start":{"line":85,"column":0},"end":{"line":85,"column":73}},"85":{"start":{"line":86,"column":0},"end":{"line":86,"column":20}},"86":{"start":{"line":87,"column":0},"end":{"line":87,"column":39}},"87":{"start":{"line":88,"column":0},"end":{"line":88,"column":36}},"88":{"start":{"line":89,"column":0},"end":{"line":89,"column":18}},"89":{"start":{"line":90,"column":0},"end":{"line":90,"column":29}},"90":{"start":{"line":91,"column":0},"end":{"line":91,"column":54}},"91":{"start":{"line":92,"column":0},"end":{"line":92,"column":41}},"92":{"start":{"line":93,"column":0},"end":{"line":93,"column":9}},"93":{"start":{"line":94,"column":0},"end":{"line":94,"column":51}},"94":{"start":{"line":95,"column":0},"end":{"line":95,"column":16}},"95":{"start":{"line":96,"column":0},"end":{"line":96,"column":5}},"96":{"start":{"line":97,"column":0},"end":{"line":97,"column":36}},"97":{"start":{"line":98,"column":0},"end":{"line":98,"column":34}},"98":{"start":{"line":99,"column":0},"end":{"line":99,"column":38}},"99":{"start":{"line":100,"column":0},"end":{"line":100,"column":30}},"100":{"start":{"line":101,"column":0},"end":{"line":101,"column":39}},"101":{"start":{"line":102,"column":0},"end":{"line":102,"column":39}},"102":{"start":{"line":103,"column":0},"end":{"line":103,"column":38}},"103":{"start":{"line":104,"column":0},"end":{"line":104,"column":55}},"104":{"start":{"line":105,"column":0},"end":{"line":105,"column":18}},"105":{"start":{"line":106,"column":0},"end":{"line":106,"column":48}},"106":{"start":{"line":107,"column":0},"end":{"line":107,"column":57}},"107":{"start":{"line":108,"column":0},"end":{"line":108,"column":92}},"108":{"start":{"line":109,"column":0},"end":{"line":109,"column":9}},"109":{"start":{"line":110,"column":0},"end":{"line":110,"column":22}},"110":{"start":{"line":111,"column":0},"end":{"line":111,"column":5}},"111":{"start":{"line":112,"column":0},"end":{"line":112,"column":0}},"112":{"start":{"line":113,"column":0},"end":{"line":113,"column":39}},"113":{"start":{"line":114,"column":0},"end":{"line":114,"column":27}},"114":{"start":{"line":115,"column":0},"end":{"line":115,"column":40}},"115":{"start":{"line":116,"column":0},"end":{"line":116,"column":41}},"116":{"start":{"line":117,"column":0},"end":{"line":117,"column":40}},"117":{"start":{"line":118,"column":0},"end":{"line":118,"column":51}},"118":{"start":{"line":119,"column":0},"end":{"line":119,"column":18}},"119":{"start":{"line":120,"column":0},"end":{"line":120,"column":52}},"120":{"start":{"line":121,"column":0},"end":{"line":121,"column":58}},"121":{"start":{"line":122,"column":0},"end":{"line":122,"column":69}},"122":{"start":{"line":123,"column":0},"end":{"line":123,"column":9}},"123":{"start":{"line":124,"column":0},"end":{"line":124,"column":24}},"124":{"start":{"line":125,"column":0},"end":{"line":125,"column":5}},"125":{"start":{"line":126,"column":0},"end":{"line":126,"column":38}},"126":{"start":{"line":127,"column":0},"end":{"line":127,"column":33}},"127":{"start":{"line":128,"column":0},"end":{"line":128,"column":42}},"128":{"start":{"line":129,"column":0},"end":{"line":129,"column":34}},"129":{"start":{"line":130,"column":0},"end":{"line":130,"column":43}},"130":{"start":{"line":131,"column":0},"end":{"line":131,"column":44}},"131":{"start":{"line":132,"column":0},"end":{"line":132,"column":43}},"132":{"start":{"line":133,"column":0},"end":{"line":133,"column":57}},"133":{"start":{"line":134,"column":0},"end":{"line":134,"column":18}},"134":{"start":{"line":135,"column":0},"end":{"line":135,"column":52}},"135":{"start":{"line":136,"column":0},"end":{"line":136,"column":58}},"136":{"start":{"line":137,"column":0},"end":{"line":137,"column":94}},"137":{"start":{"line":138,"column":0},"end":{"line":138,"column":9}},"138":{"start":{"line":139,"column":0},"end":{"line":139,"column":27}},"139":{"start":{"line":140,"column":0},"end":{"line":140,"column":5}},"140":{"start":{"line":141,"column":0},"end":{"line":141,"column":0}},"141":{"start":{"line":142,"column":0},"end":{"line":142,"column":22}},"142":{"start":{"line":143,"column":0},"end":{"line":143,"column":59}},"143":{"start":{"line":144,"column":0},"end":{"line":144,"column":59}},"144":{"start":{"line":145,"column":0},"end":{"line":145,"column":6}},"145":{"start":{"line":146,"column":0},"end":{"line":146,"column":49}},"146":{"start":{"line":147,"column":0},"end":{"line":147,"column":49}},"147":{"start":{"line":148,"column":0},"end":{"line":148,"column":48}},"148":{"start":{"line":149,"column":0},"end":{"line":149,"column":33}},"149":{"start":{"line":150,"column":0},"end":{"line":150,"column":47}},"150":{"start":{"line":151,"column":0},"end":{"line":151,"column":49}},"151":{"start":{"line":152,"column":0},"end":{"line":152,"column":38}},"152":{"start":{"line":153,"column":0},"end":{"line":153,"column":20}},"153":{"start":{"line":154,"column":0},"end":{"line":154,"column":25}},"154":{"start":{"line":155,"column":0},"end":{"line":155,"column":59}},"155":{"start":{"line":156,"column":0},"end":{"line":156,"column":47}},"156":{"start":{"line":157,"column":0},"end":{"line":157,"column":11}},"157":{"start":{"line":158,"column":0},"end":{"line":158,"column":7}},"158":{"start":{"line":159,"column":0},"end":{"line":159,"column":5}},"159":{"start":{"line":160,"column":0},"end":{"line":160,"column":10}},"160":{"start":{"line":161,"column":0},"end":{"line":161,"column":54}},"161":{"start":{"line":162,"column":0},"end":{"line":162,"column":39}},"162":{"start":{"line":163,"column":0},"end":{"line":163,"column":83}},"163":{"start":{"line":164,"column":0},"end":{"line":164,"column":40}},"164":{"start":{"line":165,"column":0},"end":{"line":165,"column":40}},"165":{"start":{"line":166,"column":0},"end":{"line":166,"column":39}},"166":{"start":{"line":167,"column":0},"end":{"line":167,"column":56}},"167":{"start":{"line":168,"column":0},"end":{"line":168,"column":18}},"168":{"start":{"line":169,"column":0},"end":{"line":169,"column":47}},"169":{"start":{"line":170,"column":0},"end":{"line":170,"column":57}},"170":{"start":{"line":171,"column":0},"end":{"line":171,"column":92}},"171":{"start":{"line":172,"column":0},"end":{"line":172,"column":9}},"172":{"start":{"line":173,"column":0},"end":{"line":173,"column":23}},"173":{"start":{"line":174,"column":0},"end":{"line":174,"column":5}},"174":{"start":{"line":175,"column":0},"end":{"line":175,"column":0}},"175":{"start":{"line":176,"column":0},"end":{"line":176,"column":39}},"176":{"start":{"line":177,"column":0},"end":{"line":177,"column":31}},"177":{"start":{"line":178,"column":0},"end":{"line":178,"column":40}},"178":{"start":{"line":179,"column":0},"end":{"line":179,"column":41}},"179":{"start":{"line":180,"column":0},"end":{"line":180,"column":40}},"180":{"start":{"line":181,"column":0},"end":{"line":181,"column":57}},"181":{"start":{"line":182,"column":0},"end":{"line":182,"column":18}},"182":{"start":{"line":183,"column":0},"end":{"line":183,"column":49}},"183":{"start":{"line":184,"column":0},"end":{"line":184,"column":58}},"184":{"start":{"line":185,"column":0},"end":{"line":185,"column":69}},"185":{"start":{"line":186,"column":0},"end":{"line":186,"column":9}},"186":{"start":{"line":187,"column":0},"end":{"line":187,"column":24}},"187":{"start":{"line":188,"column":0},"end":{"line":188,"column":5}},"188":{"start":{"line":189,"column":0},"end":{"line":189,"column":3}},"189":{"start":{"line":190,"column":0},"end":{"line":190,"column":0}},"190":{"start":{"line":191,"column":0},"end":{"line":191,"column":26}},"191":{"start":{"line":192,"column":0},"end":{"line":192,"column":1}},"192":{"start":{"line":193,"column":0},"end":{"line":193,"column":0}},"193":{"start":{"line":194,"column":0},"end":{"line":194,"column":89}},"194":{"start":{"line":195,"column":0},"end":{"line":195,"column":42}},"195":{"start":{"line":196,"column":0},"end":{"line":196,"column":74}},"196":{"start":{"line":197,"column":0},"end":{"line":197,"column":0}},"197":{"start":{"line":198,"column":0},"end":{"line":198,"column":35}},"198":{"start":{"line":199,"column":0},"end":{"line":199,"column":64}},"199":{"start":{"line":200,"column":0},"end":{"line":200,"column":47}},"200":{"start":{"line":201,"column":0},"end":{"line":201,"column":4}},"201":{"start":{"line":202,"column":0},"end":{"line":202,"column":0}},"202":{"start":{"line":203,"column":0},"end":{"line":203,"column":38}},"203":{"start":{"line":204,"column":0},"end":{"line":204,"column":51}},"204":{"start":{"line":205,"column":0},"end":{"line":205,"column":68}},"205":{"start":{"line":206,"column":0},"end":{"line":206,"column":38}},"206":{"start":{"line":207,"column":0},"end":{"line":207,"column":0}},"207":{"start":{"line":208,"column":0},"end":{"line":208,"column":10}},"208":{"start":{"line":209,"column":0},"end":{"line":209,"column":8}},"209":{"start":{"line":210,"column":0},"end":{"line":210,"column":24}},"210":{"start":{"line":211,"column":0},"end":{"line":211,"column":32}},"211":{"start":{"line":212,"column":0},"end":{"line":212,"column":14}},"212":{"start":{"line":213,"column":0},"end":{"line":213,"column":25}},"213":{"start":{"line":214,"column":0},"end":{"line":214,"column":57}},"214":{"start":{"line":215,"column":0},"end":{"line":215,"column":63}},"215":{"start":{"line":216,"column":0},"end":{"line":216,"column":27}},"216":{"start":{"line":217,"column":0},"end":{"line":217,"column":15}},"217":{"start":{"line":218,"column":0},"end":{"line":218,"column":19}},"218":{"start":{"line":219,"column":0},"end":{"line":219,"column":22}},"219":{"start":{"line":220,"column":0},"end":{"line":220,"column":8}},"220":{"start":{"line":221,"column":0},"end":{"line":221,"column":5}},"221":{"start":{"line":222,"column":0},"end":{"line":222,"column":30}},"222":{"start":{"line":223,"column":0},"end":{"line":223,"column":31}},"223":{"start":{"line":224,"column":0},"end":{"line":224,"column":30}},"224":{"start":{"line":225,"column":0},"end":{"line":225,"column":15}},"225":{"start":{"line":226,"column":0},"end":{"line":226,"column":22}},"226":{"start":{"line":227,"column":0},"end":{"line":227,"column":17}},"227":{"start":{"line":228,"column":0},"end":{"line":228,"column":30}},"228":{"start":{"line":229,"column":0},"end":{"line":229,"column":26}},"229":{"start":{"line":230,"column":0},"end":{"line":230,"column":23}},"230":{"start":{"line":231,"column":0},"end":{"line":231,"column":49}},"231":{"start":{"line":232,"column":0},"end":{"line":232,"column":27}},"232":{"start":{"line":233,"column":0},"end":{"line":233,"column":12}},"233":{"start":{"line":234,"column":0},"end":{"line":234,"column":15}},"234":{"start":{"line":235,"column":0},"end":{"line":235,"column":26}},"235":{"start":{"line":236,"column":0},"end":{"line":236,"column":25}},"236":{"start":{"line":237,"column":0},"end":{"line":237,"column":25}},"237":{"start":{"line":238,"column":0},"end":{"line":238,"column":28}},"238":{"start":{"line":239,"column":0},"end":{"line":239,"column":53}},"239":{"start":{"line":240,"column":0},"end":{"line":240,"column":46}},"240":{"start":{"line":241,"column":0},"end":{"line":241,"column":11}},"241":{"start":{"line":242,"column":0},"end":{"line":242,"column":24}},"242":{"start":{"line":243,"column":0},"end":{"line":243,"column":17}},"243":{"start":{"line":244,"column":0},"end":{"line":244,"column":12}},"244":{"start":{"line":245,"column":0},"end":{"line":245,"column":9}},"245":{"start":{"line":246,"column":0},"end":{"line":246,"column":0}},"246":{"start":{"line":247,"column":0},"end":{"line":247,"column":30}},"247":{"start":{"line":248,"column":0},"end":{"line":248,"column":31}},"248":{"start":{"line":249,"column":0},"end":{"line":249,"column":30}},"249":{"start":{"line":250,"column":0},"end":{"line":250,"column":15}},"250":{"start":{"line":251,"column":0},"end":{"line":251,"column":22}},"251":{"start":{"line":252,"column":0},"end":{"line":252,"column":21}},"252":{"start":{"line":253,"column":0},"end":{"line":253,"column":30}},"253":{"start":{"line":254,"column":0},"end":{"line":254,"column":26}},"254":{"start":{"line":255,"column":0},"end":{"line":255,"column":23}},"255":{"start":{"line":256,"column":0},"end":{"line":256,"column":49}},"256":{"start":{"line":257,"column":0},"end":{"line":257,"column":27}},"257":{"start":{"line":258,"column":0},"end":{"line":258,"column":12}},"258":{"start":{"line":259,"column":0},"end":{"line":259,"column":15}},"259":{"start":{"line":260,"column":0},"end":{"line":260,"column":26}},"260":{"start":{"line":261,"column":0},"end":{"line":261,"column":37}},"261":{"start":{"line":262,"column":0},"end":{"line":262,"column":25}},"262":{"start":{"line":263,"column":0},"end":{"line":263,"column":51}},"263":{"start":{"line":264,"column":0},"end":{"line":264,"column":11}},"264":{"start":{"line":265,"column":0},"end":{"line":265,"column":24}},"265":{"start":{"line":266,"column":0},"end":{"line":266,"column":17}},"266":{"start":{"line":267,"column":0},"end":{"line":267,"column":12}},"267":{"start":{"line":268,"column":0},"end":{"line":268,"column":9}},"268":{"start":{"line":269,"column":0
[...]
0},"end":{"line":322,"column":27}},"322":{"start":{"line":323,"column":0},"end":{"line":323,"column":62}},"323":{"start":{"line":324,"column":0},"end":{"line":324,"column":32}},"324":{"start":{"line":325,"column":0},"end":{"line":325,"column":30}},"325":{"start":{"line":326,"column":0},"end":{"line":326,"column":52}},"326":{"start":{"line":327,"column":0},"end":{"line":327,"column":15}},"327":{"start":{"line":328,"column":0},"end":{"line":328,"column":13}},"328":{"start":{"line":329,"column":0},"end":{"line":329,"column":12}},"329":{"start":{"line":330,"column":0},"end":{"line":330,"column":10}},"330":{"start":{"line":331,"column":0},"end":{"line":331,"column":8}},"331":{"start":{"line":332,"column":0},"end":{"line":332,"column":10}},"332":{"start":{"line":333,"column":0},"end":{"line":333,"column":4}},"333":{"start":{"line":334,"column":0},"end":{"line":334,"column":2}}},"s":{"0":1,"1":1,"2":1,"3":1,"4":1,"5":1,"6":1,"7":1,"8":1,"9":28,"10":28,"11":28,"12":28,"13":28,"14":28,"15":28,"16":28,"17":28,"18":28,"19":28,"20":28,"21":28,"22":28,"23":28,"24":28,"25":28,"26":28,"27":28,"28":28,"29":28,"30":28,"31":28,"32":28,"33":28,"34":28,"35":1,"36":1,"37":1,"38":1,"39":1,"40":1,"41":1,"42":1,"43":28,"44":28,"45":24,"46":22,"47":22,"48":24,"49":28,"50":28,"51":28,"52":28,"53":28,"54":28,"55":28,"56":28,"57":28,"58":28,"59":28,"60":28,"61":28,"62":29,"63":29,"64":28,"65":28,"66":28,"67":28,"68":28,"69":28,"70":28,"71":28,"72":28,"73":28,"74":28,"75":28,"76":28,"77":28,"78":28,"79":28,"80":28,"81":28,"82":28,"83":28,"84":28,"85":28,"86":28,"87":28,"88":28,"89":28,"90":29,"91":29,"92":29,"93":29,"94":29,"95":29,"96":29,"97":29,"98":29,"99":28,"100":28,"101":28,"102":28,"103":28,"104":28,"105":29,"106":29,"107":29,"108":0,"109":0,"110":0,"111":0,"112":0,"113":0,"114":0,"115":0,"116":0,"117":0,"118":0,"119":0,"120":0,"121":0,"122":0,"123":0,"124":0,"125":0,"126":0,"127":0,"128":29,"129":29,"130":29,"131":29,"132":29,"133":29,"134":29,"135":29,"136":0,"137":0,"138":0,"139":0,"140":29,"141":29,"142":0,"143":0,"144":0,"145":0,"146":0,"147":0,"148":0,"149":0,"150":0,"151":0,"152":0,"153":0,"154":0,"155":0,"156":0,"157":0,"158":0,"159":0,"160":0,"161":0,"162":0,"163":0,"164":0,"165":0,"166":0,"167":0,"168":0,"169":0,"170":0,"171":29,"172":29,"173":0,"174":0,"175":0,"176":0,"177":0,"178":0,"179":0,"180":0,"181":0,"182":0,"183":0,"184":0,"185":0,"186":0,"187":0,"188":0,"189":0,"190":0,"191":0,"192":0,"193":0,"194":0,"195":0,"196":0,"197":0,"198":0,"199":29,"200":29,"201":29,"202":29,"203":29,"204":29,"205":29,"206":29,"207":0,"208":0,"209":0,"210":0,"211":0,"212":0,"213":0,"214":0,"215":29,"216":29,"217":29,"218":29,"219":29,"220":29,"221":29,"222":29,"223":29,"224":29,"225":29,"226":29,"227":29,"228":29,"229":29,"230":29,"231":29,"232":29,"233":29,"234":29,"235":0,"236":0,"237":0,"238":0,"239":0,"240":0,"241":0,"242":0,"243":0,"244":29,"245":29,"246":29,"247":29,"248":29,"249":29,"250":29,"251":29,"252":29,"253":29,"254":29,"255":29,"256":29,"257":29,"258":29,"259":29,"260":29,"261":29,"262":29,"263":29,"264":29,"265":29,"266":29,"267":29,"268":29,"269":29,"270":29,"271":29,"272":29,"273":29,"274":29,"275":29,"276":29,"277":29,"278":29,"279":29,"280":29,"281":29,"282":29,"283":29,"284":29,"285":29,"286":29,"287":29,"288":0,"289":29,"290":29,"291":29,"292":29,"293":28,"294":28,"295":28,"296":28,"297":28,"298":28,"299":1,"300":1,"301":1,"302":1,"303":1,"304":1,"305":1,"306":1,"307":1,"308":0,"309":0,"310":0,"311":1,"312":1,"313":1,"314":1,"315":1,"316":0,"317":0,"318":0,"319":1,"320":1,"321":1,"322":1,"323":1,"324":1,"325":1,"326":1,"327":1,"328":1,"329":1,"330":28,"331":28,"332":28,"333":28},"branchMap":{"0":{"type":"branch","line":9,"loc":{"start":{"line":9,"column":37},"end":{"line":334,"column":2}},"locations":[{"start":{"line":9,"column":37},"end":{"line":334,"column":2}}]},"1":{"type":"branch","line":299,"loc":{"start":{"line":299,"column":7},"end":{"line":330,"column":10}},"locations":[{"start":{"line":299,"column":7},"end":{"line":330,"column":10}}]},"2":{"type":"branch","line":307,"loc":{"start":{"line":307,"column":34},"end":{"line":307,"column":58}},"locations":[{"start":{"line":307,"column":34},"end":{"line":307,"column":58}}]},"3":{"type":"branch","line":320,"loc":{"start":{"line":320,"column":13},"end":{"line":320,"column":21}},"locations":[{"start":{"line":320,"column":13},"end":{"line":320,"column":21}}]},"4":{"type":"branch","line":323,"loc":{"start":{"line":323,"column":34},"end":{"line":323,"column":62}},"locations":[{"start":{"line":323,"column":34},"end":{"line":323,"column":62}}]},"5":{"type":"branch","line":35,"loc":{"start":{"line":35,"column":28},"end":{"line":43,"column":4}},"locations":[{"start":{"line":35,"column":28},"end":{"line":43,"column":4}}]},"6":{"type":"branch","line":45,"loc":{"start":{"line":45,"column":30},"end":{"line":50,"column":5}},"locations":[{"start":{"line":45,"column":30},"end":{"line":50,"column":5}}]},"7":{"type":"branch","line":46,"loc":{"start":{"line":46,"column":21},"end":{"line":49,"column":5}},"locations":[{"start":{"line":46,"column":21},"end":{"line":49,"column":5}}]},"8":{"type":"branch","line":47,"loc":{"start":{"line":47,"column":21},"end":{"line":47,"column":67}},"locations":[{"start":{"line":47,"column":21},"end":{"line":47,"column":67}}]},"9":{"type":"branch","line":47,"loc":{"start":{"line":47,"column":62},"end":{"line":47,"column":82}},"locations":[{"start":{"line":47,"column":62},"end":{"line":47,"column":82}}]},"10":{"type":"branch","line":62,"loc":{"start":{"line":62,"column":48},"end":{"line":65,"column":3}},"locations":[{"start":{"line":62,"column":48},"end":{"line":65,"column":3}}]},"11":{"type":"branch","line":63,"loc":{"start":{"line":63,"column":44},"end":{"line":63,"column":57}},"locations":[{"start":{"line":63,"column":44},"end":{"line":63,"column":57}}]},"12":{"type":"branch","line":70,"loc":{"start":{"line":70,"column":9},"end":{"line":70,"column":33}},"locations":[{"start":{"line":70,"column":9},"end":{"line":70,"column":33}}]},"13":{"type":"branch","line":90,"loc":{"start":{"line":90,"column":34},"end":{"line":99,"column":16}},"locations":[{"start":{"line":90,"column":34},"end":{"line":99,"column":16}}]},"14":{"type":"branch","line":105,"loc":{"start":{"line":105,"column":36},"end":{"line":294,"column":13}},"locations":[{"start":{"line":105,"column":36},"end":{"line":294,"column":13}}]},"15":{"type":"branch","line":108,"loc":{"start":{"line":108,"column":30},"end":{"line":128,"column":15}},"locations":[{"start":{"line":108,"column":30},"end":{"line":128,"column":15}}]},"16":{"type":"branch","line":130,"loc":{"start":{"line":130,"column":33},"end":{"line":130,"column":78}},"locations":[{"start":{"line":130,"column":33},"end":{"line":130,"column":78}}]},"17":{"type":"branch","line":130,"loc":{"start":{"line":130,"column":65},"end":{"line":130,"column":91}},"locations":[{"start":{"line":130,"column":65},"end":{"line":130,"column":91}}]},"18":{"type":"branch","line":131,"loc":{"start":{"line":131,"column":27},"end":{"line":131,"column":75}},"locations":[{"start":{"line":131,"column":27},"end":{"line":131,"column":75}}]},"19":{"type":"branch","line":131,"loc":{"start":{"line":131,"column":40},"end":{"line":131,"column":109}},"locations":[{"start":{"line":131,"column":40},"end":{"line":131,"column":109}}]},"20":{"type":"branch","line":133,"loc":{"start":{"line":133,"column":36},"end":{"line":133,"column":67}},"locations":[{"start":{"line":133,"column":36},"end":{"line":133,"column":67}}]},"21":{"type":"branch","line":136,"loc":{"start":{"line":136,"column":31},"end":{"line":140,"column":15}},"locations":[{"start":{"line":136,"column":31},"end":{"line":140,"column":15}}]},"22":{"type":"branch","line":142,"loc":{"start":{"line":142,"column":42},"end":{"line":171,"column":15}},"locations":[{"start":{"line":142,"column":42},"end":{"line":171,"column":15}}]},"23":{"type":"branch","line":173,"loc":{"start":{"line":173,"column":38},"end":{"line":199,"column":15}},"locations":[{"start":{"line":173,"column":38},"end":{"line":199,"column":15}}]},"24":{"type":"branch","line":207,"loc":{"start":{"line":207,"column":19},"end":{"line":215,"column":22}},"locations":[{"start":{"line":207,"column":19},"end":{"line":215,"column":22}}]},"25":{"type":"branch","line":235,"loc":{"start":{"line":235,"column":36},"end":{"line":244,"column":24}},"locations":[{"start":{"line":235,"column":36},"end":{"line":244,"column":24}}]},"26":{"type":"branch","line":272,"loc":{"start":{"line":272,"column":81},"end":{"line":272,"column":90}},"locations":[{"start":{"line":272,"column":81},"end":{"line":272,"column":90}}]},"27":{"type":"branch","line":272,"loc":{"start":{"line":272,"column":86},"end":{"line":272,"column":93}},"locations":[{"start":{"line":272,"column":86},"end":{"line":272,"column":93}}]},"28":{"type":"branch","line":288,"loc":{"start":{"line":288,"column":21},"end":{"line":288,"column":67}},"locations":[{"start":{"line":288,"column":21},"end":{"line":288,"column":67}}]},"29":{"type":"branch","line":288,"loc":{"start":{"line":288,"column":61},"end":{"line":289,"column":107}},"locations":[{"start":{"line":288,"column":61},"end":{"line":289,"column":107}}]},"30":{"type":"branch","line":220,"loc":{"start":{"line":220,"column":34},"end":{"line":220,"column":63}},"locations":[{"start":{"line":220,"column":34},"end":{"line":220,"column":63}}]},"31":{"type":"branch","line":222,"loc":{"start":{"line":222,"column":35},"end":{"line":222,"column":76}},"locations":[{"start":{"line":222,"column":35},"end":{"line":222,"column":76}}]},"32":{"type":"branch","line":273,"loc":{"start":{"line":273,"column":35},"end":{"line":273,"column":105}},"locations":[{"start":{"line":273,"column":35},"end":{"line":273,"column":105}}]},"33":{"type":"branch","line":282,"loc":{"start":{"line":282,"column":36},"end":{"line":282,"column":64}},"locations":[{"start":{"line":282,"column":36},"end":{"line":282,"column":64}}]},"34":{"type":"branch","line":303,"loc":{"start":{"line":303,"column":19},"end":{"line":303,"column":51}},"locations":[{"start":{"line":303,"column":19},"end":{"line":303,"column":51}}]},"35":{"type":"branch","line":325,"loc":{"start":{"line":325,"column":23},"end":{"line":327,"column":15}},"locations":[{"start":{"line":325,"column":23},"end":{"line":327,"column":15}}]}},"b":{"0":[28],"1":[1],"2":[0],"3":[0],"4":[0],"5":[1],"6":[24],"7":[22],"8":[0],"9":[0],"10":[29],"11":[0],"12":[29],"13":[29],"14":[29],"15":[0],"16":[2],"17":[2],"18":[2],"19":[27],"20":[0],"21":[0],"22":[0],"23":[0],"24":[0],"25":[0],"26":[2],"27":[27],"28":[0],"29":[0],"30":[1],"31":[1],"32":[1],"33":[1],"34":[1],"35":[1]},"fnMap":{"0":{"name":"SVGRenderer","decl":{"start":{"line":9,"column":37},"end":{"line":334,"column":2}},"loc":{"start":{"line":9,"column":37},"end":{"line":334,"column":2}},"line":9},"1":{"name":"handleContextMenu","decl":{"start":{"line":35,"column":28},"end":{"line":43,"column":4}},"loc":{"start":{"line":35,"column":28},"end":{"line":43,"column":4}},"line":35},"2":{"name":"onMouseDown","decl":{"start":{"line":153,"column":33},"end":{"line":153,"column":77}},"loc":{"start":{"line":153,"column":33},"end":{"line":153,"column":77}},"line":153},"3":{"name":"onContextMenu","decl":{"start":{"line":154,"column":35},"end":{"line":154,"column":76}},"loc":{"start":{"line":154,"column":35},"end":{"line":154,"column":76}},"line":154},"4":{"name":"onContextMenu","decl":{"start":{"line":184,"column":35},"end":{"line":184,"column":75}},"loc":{"start":{"line":184,"column":35},"end":{"line":184,"column":75}},"line":184},"5":{"name":"onMouseDown","decl":{"start":{"line":219,"column":33},"end":{"line":219,"column":77}},"loc":{"start":{"line":219,"column":33},"end":{"line":219,"column":77}},"line":219},"6":{"name":"onMouseEnter","decl":{"start":{"line":220,"column":34},"end":{"line":220,"column":63}},"loc":{"start":{"line":220,"column":34},"end":{"line":220,"column":63}},"line":220},"7":{"name":"onMouseLeave","decl":{"start":{"line":221,"column":34},"end":{"line":221,"column":63}},"loc":{"start":{"line":221,"column":34},"end":{"line":221,"column":63}},"line":221},"8":{"name":"onContextMenu","decl":{"start":{"line":222,"column":35},"end":{"line":222,"column":76}},"loc":{"start":{"line":222,"column":35},"end":{"line":222,"column":76}},"line":222},"9":{"name":"onMouseDown","decl":{"start":{"line":253,"column":35},"end":{"line":253,"column":112}},"loc":{"start":{"line":253,"column":35},"end":{"line":253,"column":112}},"line":253},"10":{"name":"onMouseDown","decl":{"start":{"line":262,"column":35},"end":{"line":262,"column":113}},"loc":{"start":{"line":262,"column":35},"end":{"line":262,"column":113}},"line":262},"11":{"name":"onMouseDown","decl":{"start":{"line":273,"column":35},"end":{"line":273,"column":105}},"loc":{"start":{"line":273,"column":35},"end":{"line":273,"column":105}},"line":273},"12":{"name":"onMouseEnter","decl":{"start":{"line":282,"column":36},"end":{"line":282,"column":64}},"loc":{"start":{"line":282,"column":36},"end":{"line":282,"column":64}},"line":282},"13":{"name":"onMouseLeave","decl":{"start":{"line":283,"column":36},"end":{"line":283,"column":64}},"loc":{"start":{"line":283,"column":36},"end":{"line":283,"column":64}},"line":283},"14":{"name":"onClose","decl":{"start":{"line":303,"column":19},"end":{"line":303,"column":51}},"loc":{"start":{"line":303,"column":19},"end":{"line":303,"column":51}},"line":303},"15":{"name":"onClick","decl":{"start":{"line":308,"column":23},"end":{"line":311,"column":15}},"loc":{"start":{"line":308,"column":23},"end":{"line":311,"column":15}},"line":308},"16":{"name":"onClick","decl":{"start":{"line":316,"column":23},"end":{"line":319,"column":15}},"loc":{"start":{"line":316,"column":23},"end":{"line":319,"column":15}},"line":316},"17":{"name":"onClick","decl":{"start":{"line":325,"column":23},"end":{"line":327,"column":15}},"loc":{"start":{"line":325,"column":23},"end":{"line":327,"column":15}},"line":325}},"f":{"0":28,"1":1,"2":0,"3":0,"4":0,"5":0,"6":1,"7":0,"8":1,"9":0,"10":0,"11":1,"12":1,"13":0,"14":1,"15":0,"16":0,"17":1}}
,"/home/vietnoirien/git-perso/Gantt_lib/packages/ganttcraft/src/themes/dark.ts": {"path":"/home/vietnoirien/git-perso/Gantt_lib/packages/ganttcraft/src/themes/dark.ts","all":false,"statementMap":{"0":{"start":{"line":1,"column":0},"end":{"line":1,"column":38}},"1":{"start":{"line":2,"column":0},"end":{"line":2,"column":0}},"2":{"start":{"line":3,"column":0},"end":{"line":3,"column":3}},"3":{"start":{"line":4,"column":0},"end":{"line":4,"column":24}},"4":{"start":{"line":5,"column":0},"end":{"line":5,"column":64}},"5":{"start":{"line":6,"column":0},"end":{"line":6,"column":66}},"6":{"start":{"line":7,"column":0},"end":{"line":7,"column":3}},"7":{"start":{"line":8,"column":0},"end":{"line":8,"column":38}},"8":{"start":{"line":9,"column":0},"end":{"line":9,"column":40}},"9":{"start":{"line":10,"column":0},"end":{"line":10,"column":40}},"10":{"start":{"line":11,"column":0},"end":{"line":11,"column":40}},"11":{"start":{"line":12,"column":0},"end":{"line":12,"column":40}},"12":{"start":{"line":13,"column":0},"end":{"line":13,"column":40}},"13":{"start":{"line":14,"column":0},"end":{"line":14,"column":40}},"14":{"start":{"line":15,"column":0},"end":{"line":15,"column":40}},"15":{"start":{"line":16,"column":0},"end":{"line":16,"column":40}},"16":{"start":{"line":17,"column":0},"end":{"line":17,"column":40}},"17":{"start":{"line":18,"column":0},"end":{"line":18,"column":40}},"18":{"start":{"line":19,"column":0},"end":{"line":19,"column":55}},"19":{"start":{"line":20,"column":0},"end":{"line":20,"column":40}},"20":{"start":{"line":21,"column":0},"end":{"line":21,"column":40}},"21":{"start":{"line":22,"column":0},"end":{"line":22,"column":2}}},"s":{"0":1,"1":1,"2":1,"3":1,"4":1,"5":1,"6":1,"7":1,"8":1,"9":1,"10":1,"11":1,"12":1,"13":1,"14":1,"15":1,"16":1,"17":1,"18":1,"19":1,"20":1,"21":1},"branchMap":{},"b":{},"fnMap":{},"f":{}}
,"/home/vietnoirien/git-perso/Gantt_lib/packages/ganttcraft/src/themes/default.ts": {"path":"/home/vietnoirien/git-perso/Gantt_lib/packages/ganttcraft/src/themes/default.ts","all":false,"statementMap":{"0":{"start":{"line":1,"column":0},"end":{"line":1,"column":38}},"1":{"start":{"line":2,"column":0},"end":{"line":2,"column":0}},"2":{"start":{"line":3,"column":0},"end":{"line":3,"column":3}},"3":{"start":{"line":4,"column":0},"end":{"line":4,"column":35}},"4":{"start":{"line":5,"column":0},"end":{"line":5,"column":65}},"5":{"start":{"line":6,"column":0},"end":{"line":6,"column":66}},"6":{"start":{"line":7,"column":0},"end":{"line":7,"column":3}},"7":{"start":{"line":8,"column":0},"end":{"line":8,"column":41}},"8":{"start":{"line":9,"column":0},"end":{"line":9,"column":40}},"9":{"start":{"line":10,"column":0},"end":{"line":10,"column":40}},"10":{"start":{"line":11,"column":0},"end":{"line":11,"column":40}},"11":{"start":{"line":12,"column":0},"end":{"line":12,"column":40}},"12":{"start":{"line":13,"column":0},"end":{"line":13,"column":40}},"13":{"start":{"line":14,"column":0},"end":{"line":14,"column":40}},"14":{"start":{"line":15,"column":0},"end":{"line":15,"column":40}},"15":{"start":{"line":16,"column":0},"end":{"line":16,"column":40}},"16":{"start":{"line":17,"column":0},"end":{"line":17,"column":40}},"17":{"start":{"line":18,"column":0},"end":{"line":18,"column":40}},"18":{"start":{"line":19,"column":0},"end":{"line":19,"column":49}},"19":{"start":{"line":20,"column":0},"end":{"line":20,"column":40}},"20":{"start":{"line":21,"column":0},"end":{"line":21,"column":40}},"21":{"start":{"line":22,"column":0},"end":{"line":22,"column":2}}},"s":{"0":1,"1":1,"2":1,"3":1,"4":1,"5":1,"6":1,"7":1,"8":1,"9":1,"10":1,"11":1,"12":1,"13":1,"14":1,"15":1,"16":1,"17":1,"18":1,"19":1,"20":1,"21":1},"branchMap":{},"b":{},"fnMap":{},"f":{}}
,"/home/vietnoirien/git-perso/Gantt_lib/packages/ganttcraft/src/themes/index.ts": {"path":"/home/vietnoirien/git-perso/Gantt_lib/packages/ganttcraft/src/themes/index.ts","all":false,"statementMap":{"0":{"start":{"line":1,"column":0},"end":{"line":1,"column":38}},"1":{"start":{"line":2,"column":0},"end":{"line":2,"column":0}},"2":{"start":{"line":3,"column":0},"end":{"line":3,"column":41}},"3":{"start":{"line":4,"column":0},"end":{"line":4,"column":35}},"4":{"start":{"line":5,"column":0},"end":{"line":5,"column":0}},"5":{"start":{"line":6,"column":0},"end":{"line":6,"column":3}},"6":{"start":{"line":7,"column":0},"end":{"line":7,"column":84}},"7":{"start":{"line":8,"column":0},"end":{"line":8,"column":2}},"8":{"start":{"line":9,"column":0},"end":{"line":9,"column":68}},"9":{"start":{"line":10,"column":0},"end":{"line":10,"column":78}},"10":{"start":{"line":11,"column":0},"end":{"line":11,"column":69}},"11":{"start":{"line":12,"column":0},"end":{"line":12,"column":2}},"12":{"start":{"line":13,"column":0},"end":{"line":13,"column":62}},"13":{"start":{"line":14,"column":0},"end":{"line":14,"column":44}},"14":{"start":{"line":15,"column":0},"end":{"line":15,"column":3}},"15":{"start":{"line":16,"column":0},"end":{"line":16,"column":76}},"16":{"start":{"line":17,"column":0},"end":{"line":17,"column":58}},"17":{"start":{"line":18,"column":0},"end":{"line":18,"column":47}},"18":{"start":{"line":19,"column":0},"end":{"line":19,"column":3}},"19":{"start":{"line":20,"column":0},"end":{"line":20,"column":1}}},"s":{"0":1,"1":1,"2":1,"3":1,"4":1,"5":1,"6":1,"7":1,"8":1,"9":1,"10":1,"11":1,"12":1,"13":1,"14":1,"15":1,"16":5,"17":53,"18":53,"19":5},"branchMap":{"0":{"type":"branch","line":16,"loc":{"start":{"line":16,"column":7},"end":{"line":20,"column":1}},"locations":[{"start":{"line":16,"column":7},"end":{"line":20,"column":1}}]},"1":{"type":"branch","line":17,"loc":{"start":{"line":17,"column":57},"end":{"line":19,"column":3}},"locations":[{"start":{"line":17,"column":57},"end":{"line":19,"column":3}}]}},"b":{"0":[5],"1":[53]},"fnMap":{"0":{"name":"injectTheme","decl":{"start":{"line":16,"column":7},"end":{"line":20,"column":1}},"loc":{"start":{"line":16,"column":7},"end":{"line":20,"column":1}},"line":16}},"f":{"0":5}}
}
